Determining if the function pcap_setsampling exists failed with the following output:
Change Dir: /home/buddhika/Desktop/featureExtract/kdd99_feature_extractor/build-files/CMakeFiles/CMakeTmp

Run Build Command:"/usr/bin/make" "cmTC_1c902/fast"
/usr/bin/make -f CMakeFiles/cmTC_1c902.dir/build.make CMakeFiles/cmTC_1c902.dir/build
make[1]: Entering directory '/home/buddhika/Desktop/featureExtract/kdd99_feature_extractor/build-files/CMakeFiles/CMakeTmp'
Building C object CMakeFiles/cmTC_1c902.dir/CheckFunctionExists.c.o
/usr/bin/cc    -DCHECK_FUNCTION_EXISTS=pcap_setsampling   -o CMakeFiles/cmTC_1c902.dir/CheckFunctionExists.c.o   -c /usr/share/cmake-3.5/Modules/CheckFunctionExists.c
Linking C executable cmTC_1c902
/usr/bin/cmake -E cmake_link_script CMakeFiles/cmTC_1c902.dir/link.txt --verbose=1
/usr/bin/cc   -DCHECK_FUNCTION_EXISTS=pcap_setsampling    CMakeFiles/cmTC_1c902.dir/CheckFunctionExists.c.o  -o cmTC_1c902 -rdynamic /usr/lib/x86_64-linux-gnu/libpcap.so 
CMakeFiles/cmTC_1c902.dir/CheckFunctionExists.c.o: In function `main':
CheckFunctionExists.c:(.text+0x15): undefined reference to `pcap_setsampling'
collect2: error: ld returned 1 exit status
CMakeFiles/cmTC_1c902.dir/build.make:98: recipe for target 'cmTC_1c902' failed
make[1]: *** [cmTC_1c902] Error 1
make[1]: Leaving directory '/home/buddhika/Desktop/featureExtract/kdd99_feature_extractor/build-files/CMakeFiles/CMakeTmp'
Makefile:126: recipe for target 'cmTC_1c902/fast' failed
make: *** [cmTC_1c902/fast] Error 2


Determining if the function pcap_open exists failed with the following output:
Change Dir: /home/buddhika/Desktop/featureExtract/kdd99_feature_extractor/build-files/CMakeFiles/CMakeTmp

Run Build Command:"/usr/bin/make" "cmTC_50731/fast"
/usr/bin/make -f CMakeFiles/cmTC_50731.dir/build.make CMakeFiles/cmTC_50731.dir/build
make[1]: Entering directory '/home/buddhika/Desktop/featureExtract/kdd99_feature_extractor/build-files/CMakeFiles/CMakeTmp'
Building C object CMakeFiles/cmTC_50731.dir/CheckFunctionExists.c.o
/usr/bin/cc    -DCHECK_FUNCTION_EXISTS=pcap_open   -o CMakeFiles/cmTC_50731.dir/CheckFunctionExists.c.o   -c /usr/share/cmake-3.5/Modules/CheckFunctionExists.c
Linking C executable cmTC_50731
/usr/bin/cmake -E cmake_link_script CMakeFiles/cmTC_50731.dir/link.txt --verbose=1
/usr/bin/cc   -DCHECK_FUNCTION_EXISTS=pcap_open    CMakeFiles/cmTC_50731.dir/CheckFunctionExists.c.o  -o cmTC_50731 -rdynamic /usr/lib/x86_64-linux-gnu/libpcap.so 
CMakeFiles/cmTC_50731.dir/CheckFunctionExists.c.o: In function `main':
CheckFunctionExists.c:(.text+0x15): undefined reference to `pcap_open'
collect2: error: ld returned 1 exit status
CMakeFiles/cmTC_50731.dir/build.make:98: recipe for target 'cmTC_50731' failed
make[1]: *** [cmTC_50731] Error 1
make[1]: Leaving directory '/home/buddhika/Desktop/featureExtract/kdd99_feature_extractor/build-files/CMakeFiles/CMakeTmp'
Makefile:126: recipe for target 'cmTC_50731/fast' failed
make: *** [cmTC_50731/fast] Error 2


