The system is: Linux - 4.15.0-64-generic - x86_64
Compiling the CXX compiler identification source file "CMakeCXXCompilerId.cpp" succeeded.
Compiler: /usr/bin/c++ 
Build flags: 
Id flags: 

The output was:
0


Compilation of the CXX compiler identification source "CMakeCXXCompilerId.cpp" produced "a.out"

The CXX compiler identification is GNU, found in "/home/buddhika/Desktop/featureExtract/kdd99_feature_extractor/build-files/CMakeFiles/3.5.1/CompilerIdCXX/a.out"

Compiling the C compiler identification source file "CMakeCCompilerId.c" succeeded.
Compiler: /usr/bin/cc 
Build flags: 
Id flags: 

The output was:
0


Compilation of the C compiler identification source "CMakeCCompilerId.c" produced "a.out"

The C compiler identification is GNU, found in "/home/buddhika/Desktop/featureExtract/kdd99_feature_extractor/build-files/CMakeFiles/3.5.1/CompilerIdC/a.out"

Determining if the CXX compiler works passed with the following output:
Change Dir: /home/buddhika/Desktop/featureExtract/kdd99_feature_extractor/build-files/CMakeFiles/CMakeTmp

Run Build Command:"/usr/bin/make" "cmTC_71fdf/fast"
/usr/bin/make -f CMakeFiles/cmTC_71fdf.dir/build.make CMakeFiles/cmTC_71fdf.dir/build
make[1]: Entering directory '/home/buddhika/Desktop/featureExtract/kdd99_feature_extractor/build-files/CMakeFiles/CMakeTmp'
Building CXX object CMakeFiles/cmTC_71fdf.dir/testCXXCompiler.cxx.o
/usr/bin/c++      -o CMakeFiles/cmTC_71fdf.dir/testCXXCompiler.cxx.o -c /home/buddhika/Desktop/featureExtract/kdd99_feature_extractor/build-files/CMakeFiles/CMakeTmp/testCXXCompiler.cxx
Linking CXX executable cmTC_71fdf
/usr/bin/cmake -E cmake_link_script CMakeFiles/cmTC_71fdf.dir/link.txt --verbose=1
/usr/bin/c++        CMakeFiles/cmTC_71fdf.dir/testCXXCompiler.cxx.o  -o cmTC_71fdf -rdynamic 
make[1]: Leaving directory '/home/buddhika/Desktop/featureExtract/kdd99_feature_extractor/build-files/CMakeFiles/CMakeTmp'


Detecting CXX compiler ABI info compiled with the following output:
Change Dir: /home/buddhika/Desktop/featureExtract/kdd99_feature_extractor/build-files/CMakeFiles/CMakeTmp

Run Build Command:"/usr/bin/make" "cmTC_8ffac/fast"
/usr/bin/make -f CMakeFiles/cmTC_8ffac.dir/build.make CMakeFiles/cmTC_8ffac.dir/build
make[1]: Entering directory '/home/buddhika/Desktop/featureExtract/kdd99_feature_extractor/build-files/CMakeFiles/CMakeTmp'
Building CXX object CMakeFiles/cmTC_8ffac.dir/CMakeCXXCompilerABI.cpp.o
/usr/bin/c++      -o CMakeFiles/cmTC_8ffac.dir/CMakeCXXCompilerABI.cpp.o -c /usr/share/cmake-3.5/Modules/CMakeCXXCompilerABI.cpp
Linking CXX executable cmTC_8ffac
/usr/bin/cmake -E cmake_link_script CMakeFiles/cmTC_8ffac.dir/link.txt --verbose=1
/usr/bin/c++       -v CMakeFiles/cmTC_8ffac.dir/CMakeCXXCompilerABI.cpp.o  -o cmTC_8ffac -rdynamic  
Using built-in specs.
COLLECT_GCC=/usr/bin/c++
COLLECT_LTO_WRAPPER=/usr/lib/gcc/x86_64-linux-gnu/5/lto-wrapper
Target: x86_64-linux-gnu
Configured with: ../src/configure -v --with-pkgversion='Ubuntu 5.4.0-6ubuntu1~16.04.11' --with-bugurl=file:///usr/share/doc/gcc-5/README.Bugs --enable-languages=c,ada,c++,java,go,d,fortran,objc,obj-c++ --prefix=/usr --program-suffix=-5 --enable-shared --enable-linker-build-id --libexecdir=/usr/lib --without-included-gettext --enable-threads=posix --libdir=/usr/lib --enable-nls --with-sysroot=/ --enable-clocale=gnu --enable-libstdcxx-debug --enable-libstdcxx-time=yes --with-default-libstdcxx-abi=new --enable-gnu-unique-object --disable-vtable-verify --enable-libmpx --enable-plugin --with-system-zlib --disable-browser-plugin --enable-java-awt=gtk --enable-gtk-cairo --with-java-home=/usr/lib/jvm/java-1.5.0-gcj-5-amd64/jre --enable-java-home --with-jvm-root-dir=/usr/lib/jvm/java-1.5.0-gcj-5-amd64 --with-jvm-jar-dir=/usr/lib/jvm-exports/java-1.5.0-gcj-5-amd64 --with-arch-directory=amd64 --with-ecj-jar=/usr/share/java/eclipse-ecj.jar --enable-objc-gc --enable-multiarch --disable-werror --with-arch-32=i686 --with-abi=m64 --with-multilib-list=m32,m64,mx32 --enable-multilib --with-tune=generic --enable-checking=release --build=x86_64-linux-gnu --host=x86_64-linux-gnu --target=x86_64-linux-gnu
Thread model: posix
gcc version 5.4.0 20160609 (Ubuntu 5.4.0-6ubuntu1~16.04.11) 
COMPILER_PATH=/usr/lib/gcc/x86_64-linux-gnu/5/:/usr/lib/gcc/x86_64-linux-gnu/5/:/usr/lib/gcc/x86_64-linux-gnu/:/usr/lib/gcc/x86_64-linux-gnu/5/:/usr/lib/gcc/x86_64-linux-gnu/
LIBRARY_PATH=/usr/lib/gcc/x86_64-linux-gnu/5/:/usr/lib/gcc/x86_64-linux-gnu/5/../../../x86_64-linux-gnu/:/usr/lib/gcc/x86_64-linux-gnu/5/../../../../lib/:/lib/x86_64-linux-gnu/:/lib/../lib/:/usr/lib/x86_64-linux-gnu/:/usr/lib/../lib/:/usr/lib/gcc/x86_64-linux-gnu/5/../../../:/lib/:/usr/lib/
COLLECT_GCC_OPTIONS='-v' '-o' 'cmTC_8ffac' '-rdynamic' '-shared-libgcc' '-mtune=generic' '-march=x86-64'
 /usr/lib/gcc/x86_64-linux-gnu/5/collect2 -plugin /usr/lib/gcc/x86_64-linux-gnu/5/liblto_plugin.so -plugin-opt=/usr/lib/gcc/x86_64-linux-gnu/5/lto-wrapper -plugin-opt=-fresolution=/tmp/ccdHi6NC.res -plugin-opt=-pass-through=-lgcc_s -plugin-opt=-pass-through=-lgcc -plugin-opt=-pass-through=-lc -plugin-opt=-pass-through=-lgcc_s -plugin-opt=-pass-through=-lgcc --sysroot=/ --build-id --eh-frame-hdr -m elf_x86_64 --hash-style=gnu --as-needed -export-dynamic -dynamic-linker /lib64/ld-linux-x86-64.so.2 -z relro -o cmTC_8ffac /usr/lib/gcc/x86_64-linux-gnu/5/../../../x86_64-linux-gnu/crt1.o /usr/lib/gcc/x86_64-linux-gnu/5/../../../x86_64-linux-gnu/crti.o /usr/lib/gcc/x86_64-linux-gnu/5/crtbegin.o -L/usr/lib/gcc/x86_64-linux-gnu/5 -L/usr/lib/gcc/x86_64-linux-gnu/5/../../../x86_64-linux-gnu -L/usr/lib/gcc/x86_64-linux-gnu/5/../../../../lib -L/lib/x86_64-linux-gnu -L/lib/../lib -L/usr/lib/x86_64-linux-gnu -L/usr/lib/../lib -L/usr/lib/gcc/x86_64-linux-gnu/5/../../.. CMakeFiles/cmTC_8ffac.dir/CMakeCXXCompilerABI.cpp.o -lstdc++ -lm -lgcc_s -lgcc -lc -lgcc_s -lgcc /usr/lib/gcc/x86_64-linux-gnu/5/crtend.o /usr/lib/gcc/x86_64-linux-gnu/5/../../../x86_64-linux-gnu/crtn.o
make[1]: Leaving directory '/home/buddhika/Desktop/featureExtract/kdd99_feature_extractor/build-files/CMakeFiles/CMakeTmp'


Parsed CXX implicit link information from above output:
  link line regex: [^( *|.*[/\])(ld|([^/\]+-)?ld|collect2)[^/\]*( |$)]
  ignore line: [Change Dir: /home/buddhika/Desktop/featureExtract/kdd99_feature_extractor/build-files/CMakeFiles/CMakeTmp]
  ignore line: []
  ignore line: [Run Build Command:"/usr/bin/make" "cmTC_8ffac/fast"]
  ignore line: [/usr/bin/make -f CMakeFiles/cmTC_8ffac.dir/build.make CMakeFiles/cmTC_8ffac.dir/build]
  ignore line: [make[1]: Entering directory '/home/buddhika/Desktop/featureExtract/kdd99_feature_extractor/build-files/CMakeFiles/CMakeTmp']
  ignore line: [Building CXX object CMakeFiles/cmTC_8ffac.dir/CMakeCXXCompilerABI.cpp.o]
  ignore line: [/usr/bin/c++      -o CMakeFiles/cmTC_8ffac.dir/CMakeCXXCompilerABI.cpp.o -c /usr/share/cmake-3.5/Modules/CMakeCXXCompilerABI.cpp]
  ignore line: [Linking CXX executable cmTC_8ffac]
  ignore line: [/usr/bin/cmake -E cmake_link_script CMakeFiles/cmTC_8ffac.dir/link.txt --verbose=1]
  ignore line: [/usr/bin/c++       -v CMakeFiles/cmTC_8ffac.dir/CMakeCXXCompilerABI.cpp.o  -o cmTC_8ffac -rdynamic  ]
  ignore line: [Using built-in specs.]
  ignore line: [COLLECT_GCC=/usr/bin/c++]
  ignore line: [COLLECT_LTO_WRAPPER=/usr/lib/gcc/x86_64-linux-gnu/5/lto-wrapper]
  ignore line: [Target: x86_64-linux-gnu]
  ignore line: [Configured with: ../src/configure -v --with-pkgversion='Ubuntu 5.4.0-6ubuntu1~16.04.11' --with-bugurl=file:///usr/share/doc/gcc-5/README.Bugs --enable-languages=c,ada,c++,java,go,d,fortran,objc,obj-c++ --prefix=/usr --program-suffix=-5 --enable-shared --enable-linker-build-id --libexecdir=/usr/lib --without-included-gettext --enable-threads=posix --libdir=/usr/lib --enable-nls --with-sysroot=/ --enable-clocale=gnu --enable-libstdcxx-debug --enable-libstdcxx-time=yes --with-default-libstdcxx-abi=new --enable-gnu-unique-object --disable-vtable-verify --enable-libmpx --enable-plugin --with-system-zlib --disable-browser-plugin --enable-java-awt=gtk --enable-gtk-cairo --with-java-home=/usr/lib/jvm/java-1.5.0-gcj-5-amd64/jre --enable-java-home --with-jvm-root-dir=/usr/lib/jvm/java-1.5.0-gcj-5-amd64 --with-jvm-jar-dir=/usr/lib/jvm-exports/java-1.5.0-gcj-5-amd64 --with-arch-directory=amd64 --with-ecj-jar=/usr/share/java/eclipse-ecj.jar --enable-objc-gc --enable-multiarch --disable-werror --with-arch-32=i686 --with-abi=m64 --with-multilib-list=m32,m64,mx32 --enable-multilib --with-tune=generic --enable-checking=release --build=x86_64-linux-gnu --host=x86_64-linux-gnu --target=x86_64-linux-gnu]
  ignore line: [Thread model: posix]
  ignore line: [gcc version 5.4.0 20160609 (Ubuntu 5.4.0-6ubuntu1~16.04.11) ]
  ignore line: [COMPILER_PATH=/usr/lib/gcc/x86_64-linux-gnu/5/:/usr/lib/gcc/x86_64-linux-gnu/5/:/usr/lib/gcc/x86_64-linux-gnu/:/usr/lib/gcc/x86_64-linux-gnu/5/:/usr/lib/gcc/x86_64-linux-gnu/]
  ignore line: [LIBRARY_PATH=/usr/lib/gcc/x86_64-linux-gnu/5/:/usr/lib/gcc/x86_64-linux-gnu/5/../../../x86_64-linux-gnu/:/usr/lib/gcc/x86_64-linux-gnu/5/../../../../lib/:/lib/x86_64-linux-gnu/:/lib/../lib/:/usr/lib/x86_64-linux-gnu/:/usr/lib/../lib/:/usr/lib/gcc/x86_64-linux-gnu/5/../../../:/lib/:/usr/lib/]
  ignore line: [COLLECT_GCC_OPTIONS='-v' '-o' 'cmTC_8ffac' '-rdynamic' '-shared-libgcc' '-mtune=generic' '-march=x86-64']
  link line: [ /usr/lib/gcc/x86_64-linux-gnu/5/collect2 -plugin /usr/lib/gcc/x86_64-linux-gnu/5/liblto_plugin.so -plugin-opt=/usr/lib/gcc/x86_64-linux-gnu/5/lto-wrapper -plugin-opt=-fresolution=/tmp/ccdHi6NC.res -plugin-opt=-pass-through=-lgcc_s -plugin-opt=-pass-through=-lgcc -plugin-opt=-pass-through=-lc -plugin-opt=-pass-through=-lgcc_s -plugin-opt=-pass-through=-lgcc --sysroot=/ --build-id --eh-frame-hdr -m elf_x86_64 --hash-style=gnu --as-needed -export-dynamic -dynamic-linker /lib64/ld-linux-x86-64.so.2 -z relro -o cmTC_8ffac /usr/lib/gcc/x86_64-linux-gnu/5/../../../x86_64-linux-gnu/crt1.o /usr/lib/gcc/x86_64-linux-gnu/5/../../../x86_64-linux-gnu/crti.o /usr/lib/gcc/x86_64-linux-gnu/5/crtbegin.o -L/usr/lib/gcc/x86_64-linux-gnu/5 -L/usr/lib/gcc/x86_64-linux-gnu/5/../../../x86_64-linux-gnu -L/usr/lib/gcc/x86_64-linux-gnu/5/../../../../lib -L/lib/x86_64-linux-gnu -L/lib/../lib -L/usr/lib/x86_64-linux-gnu -L/usr/lib/../lib -L/usr/lib/gcc/x86_64-linux-gnu/5/../../.. CMakeFiles/cmTC_8ffac.dir/CMakeCXXCompilerABI.cpp.o -lstdc++ -lm -lgcc_s -lgcc -lc -lgcc_s -lgcc /usr/lib/gcc/x86_64-linux-gnu/5/crtend.o /usr/lib/gcc/x86_64-linux-gnu/5/../../../x86_64-linux-gnu/crtn.o]
    arg [/usr/lib/gcc/x86_64-linux-gnu/5/collect2] ==> ignore
    arg [-plugin] ==> ignore
    arg [/usr/lib/gcc/x86_64-linux-gnu/5/liblto_plugin.so] ==> ignore
    arg [-plugin-opt=/usr/lib/gcc/x86_64-linux-gnu/5/lto-wrapper] ==> ignore
    arg [-plugin-opt=-fresolution=/tmp/ccdHi6NC.res] ==> ignore
    arg [-plugin-opt=-pass-through=-lgcc_s] ==> ignore
    arg [-plugin-opt=-pass-through=-lgcc] ==> ignore
    arg [-plugin-opt=-pass-through=-lc] ==> ignore
    arg [-plugin-opt=-pass-through=-lgcc_s] ==> ignore
    arg [-plugin-opt=-pass-through=-lgcc] ==> ignore
    arg [--sysroot=/] ==> ignore
    arg [--build-id] ==> ignore
    arg [--eh-frame-hdr] ==> ignore
    arg [-m] ==> ignore
    arg [elf_x86_64] ==> ignore
    arg [--hash-style=gnu] ==> ignore
    arg [--as-needed] ==> ignore
    arg [-export-dynamic] ==> ignore
    arg [-dynamic-linker] ==> ignore
    arg [/lib64/ld-linux-x86-64.so.2] ==> ignore
    arg [-zrelro] ==> ignore
    arg [-o] ==> ignore
    arg [cmTC_8ffac] ==> ignore
    arg [/usr/lib/gcc/x86_64-linux-gnu/5/../../../x86_64-linux-gnu/crt1.o] ==> ignore
    arg [/usr/lib/gcc/x86_64-linux-gnu/5/../../../x86_64-linux-gnu/crti.o] ==> ignore
    arg [/usr/lib/gcc/x86_64-linux-gnu/5/crtbegin.o] ==> ignore
    arg [-L/usr/lib/gcc/x86_64-linux-gnu/5] ==> dir [/usr/lib/gcc/x86_64-linux-gnu/5]
    arg [-L/usr/lib/gcc/x86_64-linux-gnu/5/../../../x86_64-linux-gnu] ==> dir [/usr/lib/gcc/x86_64-linux-gnu/5/../../../x86_64-linux-gnu]
    arg [-L/usr/lib/gcc/x86_64-linux-gnu/5/../../../../lib] ==> dir [/usr/lib/gcc/x86_64-linux-gnu/5/../../../../lib]
    arg [-L/lib/x86_64-linux-gnu] ==> dir [/lib/x86_64-linux-gnu]
    arg [-L/lib/../lib] ==> dir [/lib/../lib]
    arg [-L/usr/lib/x86_64-linux-gnu] ==> dir [/usr/lib/x86_64-linux-gnu]
    arg [-L/usr/lib/../lib] ==> dir [/usr/lib/../lib]
    arg [-L/usr/lib/gcc/x86_64-linux-gnu/5/../../..] ==> dir [/usr/lib/gcc/x86_64-linux-gnu/5/../../..]
    arg [CMakeFiles/cmTC_8ffac.dir/CMakeCXXCompilerABI.cpp.o] ==> ignore
    arg [-lstdc++] ==> lib [stdc++]
    arg [-lm] ==> lib [m]
    arg [-lgcc_s] ==> lib [gcc_s]
    arg [-lgcc] ==> lib [gcc]
    arg [-lc] ==> lib [c]
    arg [-lgcc_s] ==> lib [gcc_s]
    arg [-lgcc] ==> lib [gcc]
    arg [/usr/lib/gcc/x86_64-linux-gnu/5/crtend.o] ==> ignore
    arg [/usr/lib/gcc/x86_64-linux-gnu/5/../../../x86_64-linux-gnu/crtn.o] ==> ignore
  remove lib [gcc_s]
  remove lib [gcc]
  remove lib [gcc_s]
  remove lib [gcc]
  collapse library dir [/usr/lib/gcc/x86_64-linux-gnu/5] ==> [/usr/lib/gcc/x86_64-linux-gnu/5]
  collapse library dir [/usr/lib/gcc/x86_64-linux-gnu/5/../../../x86_64-linux-gnu] ==> [/usr/lib/x86_64-linux-gnu]
  collapse library dir [/usr/lib/gcc/x86_64-linux-gnu/5/../../../../lib] ==> [/usr/lib]
  collapse library dir [/lib/x86_64-linux-gnu] ==> [/lib/x86_64-linux-gnu]
  collapse library dir [/lib/../lib] ==> [/lib]
  collapse library dir [/usr/lib/x86_64-linux-gnu] ==> [/usr/lib/x86_64-linux-gnu]
  collapse library dir [/usr/lib/../lib] ==> [/usr/lib]
  collapse library dir [/usr/lib/gcc/x86_64-linux-gnu/5/../../..] ==> [/usr/lib]
  implicit libs: [stdc++;m;c]
  implicit dirs: [/usr/lib/gcc/x86_64-linux-gnu/5;/usr/lib/x86_64-linux-gnu;/usr/lib;/lib/x86_64-linux-gnu;/lib]
  implicit fwks: []




Detecting CXX [-std=c++14] compiler features compiled with the following output:
Change Dir: /home/buddhika/Desktop/featureExtract/kdd99_feature_extractor/build-files/CMakeFiles/CMakeTmp

Run Build Command:"/usr/bin/make" "cmTC_e0731/fast"
/usr/bin/make -f CMakeFiles/cmTC_e0731.dir/build.make CMakeFiles/cmTC_e0731.dir/build
make[1]: Entering directory '/home/buddhika/Desktop/featureExtract/kdd99_feature_extractor/build-files/CMakeFiles/CMakeTmp'
Building CXX object CMakeFiles/cmTC_e0731.dir/feature_tests.cxx.o
/usr/bin/c++     -std=c++14 -o CMakeFiles/cmTC_e0731.dir/feature_tests.cxx.o -c /home/buddhika/Desktop/featureExtract/kdd99_feature_extractor/build-files/CMakeFiles/feature_tests.cxx
Linking CXX executable cmTC_e0731
/usr/bin/cmake -E cmake_link_script CMakeFiles/cmTC_e0731.dir/link.txt --verbose=1
/usr/bin/c++        CMakeFiles/cmTC_e0731.dir/feature_tests.cxx.o  -o cmTC_e0731 -rdynamic 
make[1]: Leaving directory '/home/buddhika/Desktop/featureExtract/kdd99_feature_extractor/build-files/CMakeFiles/CMakeTmp'


    Feature record: CXX_FEATURE:1cxx_aggregate_default_initializers
    Feature record: CXX_FEATURE:1cxx_alias_templates
    Feature record: CXX_FEATURE:1cxx_alignas
    Feature record: CXX_FEATURE:1cxx_alignof
    Feature record: CXX_FEATURE:1cxx_attributes
    Feature record: CXX_FEATURE:1cxx_attribute_deprecated
    Feature record: CXX_FEATURE:1cxx_auto_type
    Feature record: CXX_FEATURE:1cxx_binary_literals
    Feature record: CXX_FEATURE:1cxx_constexpr
    Feature record: CXX_FEATURE:1cxx_contextual_conversions
    Feature record: CXX_FEATURE:1cxx_decltype
    Feature record: CXX_FEATURE:1cxx_decltype_auto
    Feature record: CXX_FEATURE:1cxx_decltype_incomplete_return_types
    Feature record: CXX_FEATURE:1cxx_default_function_template_args
    Feature record: CXX_FEATURE:1cxx_defaulted_functions
    Feature record: CXX_FEATURE:1cxx_defaulted_move_initializers
    Feature record: CXX_FEATURE:1cxx_delegating_constructors
    Feature record: CXX_FEATURE:1cxx_deleted_functions
    Feature record: CXX_FEATURE:1cxx_digit_separators
    Feature record: CXX_FEATURE:1cxx_enum_forward_declarations
    Feature record: CXX_FEATURE:1cxx_explicit_conversions
    Feature record: CXX_FEATURE:1cxx_extended_friend_declarations
    Feature record: CXX_FEATURE:1cxx_extern_templates
    Feature record: CXX_FEATURE:1cxx_final
    Feature record: CXX_FEATURE:1cxx_func_identifier
    Feature record: CXX_FEATURE:1cxx_generalized_initializers
    Feature record: CXX_FEATURE:1cxx_generic_lambdas
    Feature record: CXX_FEATURE:1cxx_inheriting_constructors
    Feature record: CXX_FEATURE:1cxx_inline_namespaces
    Feature record: CXX_FEATURE:1cxx_lambdas
    Feature record: CXX_FEATURE:1cxx_lambda_init_captures
    Feature record: CXX_FEATURE:1cxx_local_type_template_args
    Feature record: CXX_FEATURE:1cxx_long_long_type
    Feature record: CXX_FEATURE:1cxx_noexcept
    Feature record: CXX_FEATURE:1cxx_nonstatic_member_init
    Feature record: CXX_FEATURE:1cxx_nullptr
    Feature record: CXX_FEATURE:1cxx_override
    Feature record: CXX_FEATURE:1cxx_range_for
    Feature record: CXX_FEATURE:1cxx_raw_string_literals
    Feature record: CXX_FEATURE:1cxx_reference_qualified_functions
    Feature record: CXX_FEATURE:1cxx_relaxed_constexpr
    Feature record: CXX_FEATURE:1cxx_return_type_deduction
    Feature record: CXX_FEATURE:1cxx_right_angle_brackets
    Feature record: CXX_FEATURE:1cxx_rvalue_references
    Feature record: CXX_FEATURE:1cxx_sizeof_member
    Feature record: CXX_FEATURE:1cxx_static_assert
    Feature record: CXX_FEATURE:1cxx_strong_enums
    Feature record: CXX_FEATURE:1cxx_template_template_parameters
    Feature record: CXX_FEATURE:1cxx_thread_local
    Feature record: CXX_FEATURE:1cxx_trailing_return_types
    Feature record: CXX_FEATURE:1cxx_unicode_literals
    Feature record: CXX_FEATURE:1cxx_uniform_initialization
    Feature record: CXX_FEATURE:1cxx_unrestricted_unions
    Feature record: CXX_FEATURE:1cxx_user_literals
    Feature record: CXX_FEATURE:1cxx_variable_templates
    Feature record: CXX_FEATURE:1cxx_variadic_macros
    Feature record: CXX_FEATURE:1cxx_variadic_templates


Detecting CXX [-std=c++11] compiler features compiled with the following output:
Change Dir: /home/buddhika/Desktop/featureExtract/kdd99_feature_extractor/build-files/CMakeFiles/CMakeTmp

Run Build Command:"/usr/bin/make" "cmTC_58205/fast"
/usr/bin/make -f CMakeFiles/cmTC_58205.dir/build.make CMakeFiles/cmTC_58205.dir/build
make[1]: Entering directory '/home/buddhika/Desktop/featureExtract/kdd99_feature_extractor/build-files/CMakeFiles/CMakeTmp'
Building CXX object CMakeFiles/cmTC_58205.dir/feature_tests.cxx.o
/usr/bin/c++     -std=c++11 -o CMakeFiles/cmTC_58205.dir/feature_tests.cxx.o -c /home/buddhika/Desktop/featureExtract/kdd99_feature_extractor/build-files/CMakeFiles/feature_tests.cxx
Linking CXX executable cmTC_58205
/usr/bin/cmake -E cmake_link_script CMakeFiles/cmTC_58205.dir/link.txt --verbose=1
/usr/bin/c++        CMakeFiles/cmTC_58205.dir/feature_tests.cxx.o  -o cmTC_58205 -rdynamic 
make[1]: Leaving directory '/home/buddhika/Desktop/featureExtract/kdd99_feature_extractor/build-files/CMakeFiles/CMakeTmp'


    Feature record: CXX_FEATURE:0cxx_aggregate_default_initializers
    Feature record: CXX_FEATURE:1cxx_alias_templates
    Feature record: CXX_FEATURE:1cxx_alignas
    Feature record: CXX_FEATURE:1cxx_alignof
    Feature record: CXX_FEATURE:1cxx_attributes
    Feature record: CXX_FEATURE:0cxx_attribute_deprecated
    Feature record: CXX_FEATURE:1cxx_auto_type
    Feature record: CXX_FEATURE:0cxx_binary_literals
    Feature record: CXX_FEATURE:1cxx_constexpr
    Feature record: CXX_FEATURE:0cxx_contextual_conversions
    Feature record: CXX_FEATURE:1cxx_decltype
    Feature record: CXX_FEATURE:0cxx_decltype_auto
    Feature record: CXX_FEATURE:1cxx_decltype_incomplete_return_types
    Feature record: CXX_FEATURE:1cxx_default_function_template_args
    Feature record: CXX_FEATURE:1cxx_defaulted_functions
    Feature record: CXX_FEATURE:1cxx_defaulted_move_initializers
    Feature record: CXX_FEATURE:1cxx_delegating_constructors
    Feature record: CXX_FEATURE:1cxx_deleted_functions
    Feature record: CXX_FEATURE:0cxx_digit_separators
    Feature record: CXX_FEATURE:1cxx_enum_forward_declarations
    Feature record: CXX_FEATURE:1cxx_explicit_conversions
    Feature record: CXX_FEATURE:1cxx_extended_friend_declarations
    Feature record: CXX_FEATURE:1cxx_extern_templates
    Feature record: CXX_FEATURE:1cxx_final
    Feature record: CXX_FEATURE:1cxx_func_identifier
    Feature record: CXX_FEATURE:1cxx_generalized_initializers
    Feature record: CXX_FEATURE:0cxx_generic_lambdas
    Feature record: CXX_FEATURE:1cxx_inheriting_constructors
    Feature record: CXX_FEATURE:1cxx_inline_namespaces
    Feature record: CXX_FEATURE:1cxx_lambdas
    Feature record: CXX_FEATURE:0cxx_lambda_init_captures
    Feature record: CXX_FEATURE:1cxx_local_type_template_args
    Feature record: CXX_FEATURE:1cxx_long_long_type
    Feature record: CXX_FEATURE:1cxx_noexcept
    Feature record: CXX_FEATURE:1cxx_nonstatic_member_init
    Feature record: CXX_FEATURE:1cxx_nullptr
    Feature record: CXX_FEATURE:1cxx_override
    Feature record: CXX_FEATURE:1cxx_range_for
    Feature record: CXX_FEATURE:1cxx_raw_string_literals
    Feature record: CXX_FEATURE:1cxx_reference_qualified_functions
    Feature record: CXX_FEATURE:0cxx_relaxed_constexpr
    Feature record: CXX_FEATURE:0cxx_return_type_deduction
    Feature record: CXX_FEATURE:1cxx_right_angle_brackets
    Feature record: CXX_FEATURE:1cxx_rvalue_references
    Feature record: CXX_FEATURE:1cxx_sizeof_member
    Feature record: CXX_FEATURE:1cxx_static_assert
    Feature record: CXX_FEATURE:1cxx_strong_enums
    Feature record: CXX_FEATURE:1cxx_template_template_parameters
    Feature record: CXX_FEATURE:1cxx_thread_local
    Feature record: CXX_FEATURE:1cxx_trailing_return_types
    Feature record: CXX_FEATURE:1cxx_unicode_literals
    Feature record: CXX_FEATURE:1cxx_uniform_initialization
    Feature record: CXX_FEATURE:1cxx_unrestricted_unions
    Feature record: CXX_FEATURE:1cxx_user_literals
    Feature record: CXX_FEATURE:0cxx_variable_templates
    Feature record: CXX_FEATURE:1cxx_variadic_macros
    Feature record: CXX_FEATURE:1cxx_variadic_templates


Detecting CXX [-std=c++98] compiler features compiled with the following output:
Change Dir: /home/buddhika/Desktop/featureExtract/kdd99_feature_extractor/build-files/CMakeFiles/CMakeTmp

Run Build Command:"/usr/bin/make" "cmTC_15b1c/fast"
/usr/bin/make -f CMakeFiles/cmTC_15b1c.dir/build.make CMakeFiles/cmTC_15b1c.dir/build
make[1]: Entering directory '/home/buddhika/Desktop/featureExtract/kdd99_feature_extractor/build-files/CMakeFiles/CMakeTmp'
Building CXX object CMakeFiles/cmTC_15b1c.dir/feature_tests.cxx.o
/usr/bin/c++     -std=c++98 -o CMakeFiles/cmTC_15b1c.dir/feature_tests.cxx.o -c /home/buddhika/Desktop/featureExtract/kdd99_feature_extractor/build-files/CMakeFiles/feature_tests.cxx
Linking CXX executable cmTC_15b1c
/usr/bin/cmake -E cmake_link_script CMakeFiles/cmTC_15b1c.dir/link.txt --verbose=1
/usr/bin/c++        CMakeFiles/cmTC_15b1c.dir/feature_tests.cxx.o  -o cmTC_15b1c -rdynamic 
make[1]: Leaving directory '/home/buddhika/Desktop/featureExtract/kdd99_feature_extractor/build-files/CMakeFiles/CMakeTmp'


    Feature record: CXX_FEATURE:0cxx_aggregate_default_initializers
    Feature record: CXX_FEATURE:0cxx_alias_templates
    Feature record: CXX_FEATURE:0cxx_alignas
    Feature record: CXX_FEATURE:0cxx_alignof
    Feature record: CXX_FEATURE:0cxx_attributes
    Feature record: CXX_FEATURE:0cxx_attribute_deprecated
    Feature record: CXX_FEATURE:0cxx_auto_type
    Feature record: CXX_FEATURE:0cxx_binary_literals
    Feature record: CXX_FEATURE:0cxx_constexpr
    Feature record: CXX_FEATURE:0cxx_contextual_conversions
    Feature record: CXX_FEATURE:0cxx_decltype
    Feature record: CXX_FEATURE:0cxx_decltype_auto
    Feature record: CXX_FEATURE:0cxx_decltype_incomplete_return_types
    Feature record: CXX_FEATURE:0cxx_default_function_template_args
    Feature record: CXX_FEATURE:0cxx_defaulted_functions
    Feature record: CXX_FEATURE:0cxx_defaulted_move_initializers
    Feature record: CXX_FEATURE:0cxx_delegating_constructors
    Feature record: CXX_FEATURE:0cxx_deleted_functions
    Feature record: CXX_FEATURE:0cxx_digit_separators
    Feature record: CXX_FEATURE:0cxx_enum_forward_declarations
    Feature record: CXX_FEATURE:0cxx_explicit_conversions
    Feature record: CXX_FEATURE:0cxx_extended_friend_declarations
    Feature record: CXX_FEATURE:0cxx_extern_templates
    Feature record: CXX_FEATURE:0cxx_final
    Feature record: CXX_FEATURE:0cxx_func_identifier
    Feature record: CXX_FEATURE:0cxx_generalized_initializers
    Feature record: CXX_FEATURE:0cxx_generic_lambdas
    Feature record: CXX_FEATURE:0cxx_inheriting_constructors
    Feature record: CXX_FEATURE:0cxx_inline_namespaces
    Feature record: CXX_FEATURE:0cxx_lambdas
    Feature record: CXX_FEATURE:0cxx_lambda_init_captures
    Feature record: CXX_FEATURE:0cxx_local_type_template_args
    Feature record: CXX_FEATURE:0cxx_long_long_type
    Feature record: CXX_FEATURE:0cxx_noexcept
    Feature record: CXX_FEATURE:0cxx_nonstatic_member_init
    Feature record: CXX_FEATURE:0cxx_nullptr
    Feature record: CXX_FEATURE:0cxx_override
    Feature record: CXX_FEATURE:0cxx_range_for
    Feature record: CXX_FEATURE:0cxx_raw_string_literals
    Feature record: CXX_FEATURE:0cxx_reference_qualified_functions
    Feature record: CXX_FEATURE:0cxx_relaxed_constexpr
    Feature record: CXX_FEATURE:0cxx_return_type_deduction
    Feature record: CXX_FEATURE:0cxx_right_angle_brackets
    Feature record: CXX_FEATURE:0cxx_rvalue_references
    Feature record: CXX_FEATURE:0cxx_sizeof_member
    Feature record: CXX_FEATURE:0cxx_static_assert
    Feature record: CXX_FEATURE:0cxx_strong_enums
    Feature record: CXX_FEATURE:1cxx_template_template_parameters
    Feature record: CXX_FEATURE:0cxx_thread_local
    Feature record: CXX_FEATURE:0cxx_trailing_return_types
    Feature record: CXX_FEATURE:0cxx_unicode_literals
    Feature record: CXX_FEATURE:0cxx_uniform_initialization
    Feature record: CXX_FEATURE:0cxx_unrestricted_unions
    Feature record: CXX_FEATURE:0cxx_user_literals
    Feature record: CXX_FEATURE:0cxx_variable_templates
    Feature record: CXX_FEATURE:0cxx_variadic_macros
    Feature record: CXX_FEATURE:0cxx_variadic_templates
Determining if the C compiler works passed with the following output:
Change Dir: /home/buddhika/Desktop/featureExtract/kdd99_feature_extractor/build-files/CMakeFiles/CMakeTmp

Run Build Command:"/usr/bin/make" "cmTC_13404/fast"
/usr/bin/make -f CMakeFiles/cmTC_13404.dir/build.make CMakeFiles/cmTC_13404.dir/build
make[1]: Entering directory '/home/buddhika/Desktop/featureExtract/kdd99_feature_extractor/build-files/CMakeFiles/CMakeTmp'
Building C object CMakeFiles/cmTC_13404.dir/testCCompiler.c.o
/usr/bin/cc     -o CMakeFiles/cmTC_13404.dir/testCCompiler.c.o   -c /home/buddhika/Desktop/featureExtract/kdd99_feature_extractor/build-files/CMakeFiles/CMakeTmp/testCCompiler.c
Linking C executable cmTC_13404
/usr/bin/cmake -E cmake_link_script CMakeFiles/cmTC_13404.dir/link.txt --verbose=1
/usr/bin/cc       CMakeFiles/cmTC_13404.dir/testCCompiler.c.o  -o cmTC_13404 -rdynamic 
make[1]: Leaving directory '/home/buddhika/Desktop/featureExtract/kdd99_feature_extractor/build-files/CMakeFiles/CMakeTmp'


Detecting C compiler ABI info compiled with the following output:
Change Dir: /home/buddhika/Desktop/featureExtract/kdd99_feature_extractor/build-files/CMakeFiles/CMakeTmp

Run Build Command:"/usr/bin/make" "cmTC_08865/fast"
/usr/bin/make -f CMakeFiles/cmTC_08865.dir/build.make CMakeFiles/cmTC_08865.dir/build
make[1]: Entering directory '/home/buddhika/Desktop/featureExtract/kdd99_feature_extractor/build-files/CMakeFiles/CMakeTmp'
Building C object CMakeFiles/cmTC_08865.dir/CMakeCCompilerABI.c.o
/usr/bin/cc     -o CMakeFiles/cmTC_08865.dir/CMakeCCompilerABI.c.o   -c /usr/share/cmake-3.5/Modules/CMakeCCompilerABI.c
Linking C executable cmTC_08865
/usr/bin/cmake -E cmake_link_script CMakeFiles/cmTC_08865.dir/link.txt --verbose=1
/usr/bin/cc      -v CMakeFiles/cmTC_08865.dir/CMakeCCompilerABI.c.o  -o cmTC_08865 -rdynamic  
Using built-in specs.
COLLECT_GCC=/usr/bin/cc
COLLECT_LTO_WRAPPER=/usr/lib/gcc/x86_64-linux-gnu/5/lto-wrapper
Target: x86_64-linux-gnu
Configured with: ../src/configure -v --with-pkgversion='Ubuntu 5.4.0-6ubuntu1~16.04.11' --with-bugurl=file:///usr/share/doc/gcc-5/README.Bugs --enable-languages=c,ada,c++,java,go,d,fortran,objc,obj-c++ --prefix=/usr --program-suffix=-5 --enable-shared --enable-linker-build-id --libexecdir=/usr/lib --without-included-gettext --enable-threads=posix --libdir=/usr/lib --enable-nls --with-sysroot=/ --enable-clocale=gnu --enable-libstdcxx-debug --enable-libstdcxx-time=yes --with-default-libstdcxx-abi=new --enable-gnu-unique-object --disable-vtable-verify --enable-libmpx --enable-plugin --with-system-zlib --disable-browser-plugin --enable-java-awt=gtk --enable-gtk-cairo --with-java-home=/usr/lib/jvm/java-1.5.0-gcj-5-amd64/jre --enable-java-home --with-jvm-root-dir=/usr/lib/jvm/java-1.5.0-gcj-5-amd64 --with-jvm-jar-dir=/usr/lib/jvm-exports/java-1.5.0-gcj-5-amd64 --with-arch-directory=amd64 --with-ecj-jar=/usr/share/java/eclipse-ecj.jar --enable-objc-gc --enable-multiarch --disable-werror --with-arch-32=i686 --with-abi=m64 --with-multilib-list=m32,m64,mx32 --enable-multilib --with-tune=generic --enable-checking=release --build=x86_64-linux-gnu --host=x86_64-linux-gnu --target=x86_64-linux-gnu
Thread model: posix
gcc version 5.4.0 20160609 (Ubuntu 5.4.0-6ubuntu1~16.04.11) 
COMPILER_PATH=/usr/lib/gcc/x86_64-linux-gnu/5/:/usr/lib/gcc/x86_64-linux-gnu/5/:/usr/lib/gcc/x86_64-linux-gnu/:/usr/lib/gcc/x86_64-linux-gnu/5/:/usr/lib/gcc/x86_64-linux-gnu/
LIBRARY_PATH=/usr/lib/gcc/x86_64-linux-gnu/5/:/usr/lib/gcc/x86_64-linux-gnu/5/../../../x86_64-linux-gnu/:/usr/lib/gcc/x86_64-linux-gnu/5/../../../../lib/:/lib/x86_64-linux-gnu/:/lib/../lib/:/usr/lib/x86_64-linux-gnu/:/usr/lib/../lib/:/usr/lib/gcc/x86_64-linux-gnu/5/../../../:/lib/:/usr/lib/
COLLECT_GCC_OPTIONS='-v' '-o' 'cmTC_08865' '-rdynamic' '-mtune=generic' '-march=x86-64'
 /usr/lib/gcc/x86_64-linux-gnu/5/collect2 -plugin /usr/lib/gcc/x86_64-linux-gnu/5/liblto_plugin.so -plugin-opt=/usr/lib/gcc/x86_64-linux-gnu/5/lto-wrapper -plugin-opt=-fresolution=/tmp/ccRAS7C1.res -plugin-opt=-pass-through=-lgcc -plugin-opt=-pass-through=-lgcc_s -plugin-opt=-pass-through=-lc -plugin-opt=-pass-through=-lgcc -plugin-opt=-pass-through=-lgcc_s --sysroot=/ --build-id --eh-frame-hdr -m elf_x86_64 --hash-style=gnu --as-needed -export-dynamic -dynamic-linker /lib64/ld-linux-x86-64.so.2 -z relro -o cmTC_08865 /usr/lib/gcc/x86_64-linux-gnu/5/../../../x86_64-linux-gnu/crt1.o /usr/lib/gcc/x86_64-linux-gnu/5/../../../x86_64-linux-gnu/crti.o /usr/lib/gcc/x86_64-linux-gnu/5/crtbegin.o -L/usr/lib/gcc/x86_64-linux-gnu/5 -L/usr/lib/gcc/x86_64-linux-gnu/5/../../../x86_64-linux-gnu -L/usr/lib/gcc/x86_64-linux-gnu/5/../../../../lib -L/lib/x86_64-linux-gnu -L/lib/../lib -L/usr/lib/x86_64-linux-gnu -L/usr/lib/../lib -L/usr/lib/gcc/x86_64-linux-gnu/5/../../.. CMakeFiles/cmTC_08865.dir/CMakeCCompilerABI.c.o -lgcc --as-needed -lgcc_s --no-as-needed -lc -lgcc --as-needed -lgcc_s --no-as-needed /usr/lib/gcc/x86_64-linux-gnu/5/crtend.o /usr/lib/gcc/x86_64-linux-gnu/5/../../../x86_64-linux-gnu/crtn.o
make[1]: Leaving directory '/home/buddhika/Desktop/featureExtract/kdd99_feature_extractor/build-files/CMakeFiles/CMakeTmp'


Parsed C implicit link information from above output:
  link line regex: [^( *|.*[/\])(ld|([^/\]+-)?ld|collect2)[^/\]*( |$)]
  ignore line: [Change Dir: /home/buddhika/Desktop/featureExtract/kdd99_feature_extractor/build-files/CMakeFiles/CMakeTmp]
  ignore line: []
  ignore line: [Run Build Command:"/usr/bin/make" "cmTC_08865/fast"]
  ignore line: [/usr/bin/make -f CMakeFiles/cmTC_08865.dir/build.make CMakeFiles/cmTC_08865.dir/build]
  ignore line: [make[1]: Entering directory '/home/buddhika/Desktop/featureExtract/kdd99_feature_extractor/build-files/CMakeFiles/CMakeTmp']
  ignore line: [Building C object CMakeFiles/cmTC_08865.dir/CMakeCCompilerABI.c.o]
  ignore line: [/usr/bin/cc     -o CMakeFiles/cmTC_08865.dir/CMakeCCompilerABI.c.o   -c /usr/share/cmake-3.5/Modules/CMakeCCompilerABI.c]
  ignore line: [Linking C executable cmTC_08865]
  ignore line: [/usr/bin/cmake -E cmake_link_script CMakeFiles/cmTC_08865.dir/link.txt --verbose=1]
  ignore line: [/usr/bin/cc      -v CMakeFiles/cmTC_08865.dir/CMakeCCompilerABI.c.o  -o cmTC_08865 -rdynamic  ]
  ignore line: [Using built-in specs.]
  ignore line: [COLLECT_GCC=/usr/bin/cc]
  ignore line: [COLLECT_LTO_WRAPPER=/usr/lib/gcc/x86_64-linux-gnu/5/lto-wrapper]
  ignore line: [Target: x86_64-linux-gnu]
  ignore line: [Configured with: ../src/configure -v --with-pkgversion='Ubuntu 5.4.0-6ubuntu1~16.04.11' --with-bugurl=file:///usr/share/doc/gcc-5/README.Bugs --enable-languages=c,ada,c++,java,go,d,fortran,objc,obj-c++ --prefix=/usr --program-suffix=-5 --enable-shared --enable-linker-build-id --libexecdir=/usr/lib --without-included-gettext --enable-threads=posix --libdir=/usr/lib --enable-nls --with-sysroot=/ --enable-clocale=gnu --enable-libstdcxx-debug --enable-libstdcxx-time=yes --with-default-libstdcxx-abi=new --enable-gnu-unique-object --disable-vtable-verify --enable-libmpx --enable-plugin --with-system-zlib --disable-browser-plugin --enable-java-awt=gtk --enable-gtk-cairo --with-java-home=/usr/lib/jvm/java-1.5.0-gcj-5-amd64/jre --enable-java-home --with-jvm-root-dir=/usr/lib/jvm/java-1.5.0-gcj-5-amd64 --with-jvm-jar-dir=/usr/lib/jvm-exports/java-1.5.0-gcj-5-amd64 --with-arch-directory=amd64 --with-ecj-jar=/usr/share/java/eclipse-ecj.jar --enable-objc-gc --enable-multiarch --disable-werror --with-arch-32=i686 --with-abi=m64 --with-multilib-list=m32,m64,mx32 --enable-multilib --with-tune=generic --enable-checking=release --build=x86_64-linux-gnu --host=x86_64-linux-gnu --target=x86_64-linux-gnu]
  ignore line: [Thread model: posix]
  ignore line: [gcc version 5.4.0 20160609 (Ubuntu 5.4.0-6ubuntu1~16.04.11) ]
  ignore line: [COMPILER_PATH=/usr/lib/gcc/x86_64-linux-gnu/5/:/usr/lib/gcc/x86_64-linux-gnu/5/:/usr/lib/gcc/x86_64-linux-gnu/:/usr/lib/gcc/x86_64-linux-gnu/5/:/usr/lib/gcc/x86_64-linux-gnu/]
  ignore line: [LIBRARY_PATH=/usr/lib/gcc/x86_64-linux-gnu/5/:/usr/lib/gcc/x86_64-linux-gnu/5/../../../x86_64-linux-gnu/:/usr/lib/gcc/x86_64-linux-gnu/5/../../../../lib/:/lib/x86_64-linux-gnu/:/lib/../lib/:/usr/lib/x86_64-linux-gnu/:/usr/lib/../lib/:/usr/lib/gcc/x86_64-linux-gnu/5/../../../:/lib/:/usr/lib/]
  ignore line: [COLLECT_GCC_OPTIONS='-v' '-o' 'cmTC_08865' '-rdynamic' '-mtune=generic' '-march=x86-64']
  link line: [ /usr/lib/gcc/x86_64-linux-gnu/5/collect2 -plugin /usr/lib/gcc/x86_64-linux-gnu/5/liblto_plugin.so -plugin-opt=/usr/lib/gcc/x86_64-linux-gnu/5/lto-wrapper -plugin-opt=-fresolution=/tmp/ccRAS7C1.res -plugin-opt=-pass-through=-lgcc -plugin-opt=-pass-through=-lgcc_s -plugin-opt=-pass-through=-lc -plugin-opt=-pass-through=-lgcc -plugin-opt=-pass-through=-lgcc_s --sysroot=/ --build-id --eh-frame-hdr -m elf_x86_64 --hash-style=gnu --as-needed -export-dynamic -dynamic-linker /lib64/ld-linux-x86-64.so.2 -z relro -o cmTC_08865 /usr/lib/gcc/x86_64-linux-gnu/5/../../../x86_64-linux-gnu/crt1.o /usr/lib/gcc/x86_64-linux-gnu/5/../../../x86_64-linux-gnu/crti.o /usr/lib/gcc/x86_64-linux-gnu/5/crtbegin.o -L/usr/lib/gcc/x86_64-linux-gnu/5 -L/usr/lib/gcc/x86_64-linux-gnu/5/../../../x86_64-linux-gnu -L/usr/lib/gcc/x86_64-linux-gnu/5/../../../../lib -L/lib/x86_64-linux-gnu -L/lib/../lib -L/usr/lib/x86_64-linux-gnu -L/usr/lib/../lib -L/usr/lib/gcc/x86_64-linux-gnu/5/../../.. CMakeFiles/cmTC_08865.dir/CMakeCCompilerABI.c.o -lgcc --as-needed -lgcc_s --no-as-needed -lc -lgcc --as-needed -lgcc_s --no-as-needed /usr/lib/gcc/x86_64-linux-gnu/5/crtend.o /usr/lib/gcc/x86_64-linux-gnu/5/../../../x86_64-linux-gnu/crtn.o]
    arg [/usr/lib/gcc/x86_64-linux-gnu/5/collect2] ==> ignore
    arg [-plugin] ==> ignore
    arg [/usr/lib/gcc/x86_64-linux-gnu/5/liblto_plugin.so] ==> ignore
    arg [-plugin-opt=/usr/lib/gcc/x86_64-linux-gnu/5/lto-wrapper] ==> ignore
    arg [-plugin-opt=-fresolution=/tmp/ccRAS7C1.res] ==> ignore
    arg [-plugin-opt=-pass-through=-lgcc] ==> ignore
    arg [-plugin-opt=-pass-through=-lgcc_s] ==> ignore
    arg [-plugin-opt=-pass-through=-lc] ==> ignore
    arg [-plugin-opt=-pass-through=-lgcc] ==> ignore
    arg [-plugin-opt=-pass-through=-lgcc_s] ==> ignore
    arg [--sysroot=/] ==> ignore
    arg [--build-id] ==> ignore
    arg [--eh-frame-hdr] ==> ignore
    arg [-m] ==> ignore
    arg [elf_x86_64] ==> ignore
    arg [--hash-style=gnu] ==> ignore
    arg [--as-needed] ==> ignore
    arg [-export-dynamic] ==> ignore
    arg [-dynamic-linker] ==> ignore
    arg [/lib64/ld-linux-x86-64.so.2] ==> ignore
    arg [-zrelro] ==> ignore
    arg [-o] ==> ignore
    arg [cmTC_08865] ==> ignore
    arg [/usr/lib/gcc/x86_64-linux-gnu/5/../../../x86_64-linux-gnu/crt1.o] ==> ignore
    arg [/usr/lib/gcc/x86_64-linux-gnu/5/../../../x86_64-linux-gnu/crti.o] ==> ignore
    arg [/usr/lib/gcc/x86_64-linux-gnu/5/crtbegin.o] ==> ignore
    arg [-L/usr/lib/gcc/x86_64-linux-gnu/5] ==> dir [/usr/lib/gcc/x86_64-linux-gnu/5]
    arg [-L/usr/lib/gcc/x86_64-linux-gnu/5/../../../x86_64-linux-gnu] ==> dir [/usr/lib/gcc/x86_64-linux-gnu/5/../../../x86_64-linux-gnu]
    arg [-L/usr/lib/gcc/x86_64-linux-gnu/5/../../../../lib] ==> dir [/usr/lib/gcc/x86_64-linux-gnu/5/../../../../lib]
    arg [-L/lib/x86_64-linux-gnu] ==> dir [/lib/x86_64-linux-gnu]
    arg [-L/lib/../lib] ==> dir [/lib/../lib]
    arg [-L/usr/lib/x86_64-linux-gnu] ==> dir [/usr/lib/x86_64-linux-gnu]
    arg [-L/usr/lib/../lib] ==> dir [/usr/lib/../lib]
    arg [-L/usr/lib/gcc/x86_64-linux-gnu/5/../../..] ==> dir [/usr/lib/gcc/x86_64-linux-gnu/5/../../..]
    arg [CMakeFiles/cmTC_08865.dir/CMakeCCompilerABI.c.o] ==> ignore
    arg [-lgcc] ==> lib [gcc]
    arg [--as-needed] ==> ignore
    arg [-lgcc_s] ==> lib [gcc_s]
    arg [--no-as-needed] ==> ignore
    arg [-lc] ==> lib [c]
    arg [-lgcc] ==> lib [gcc]
    arg [--as-needed] ==> ignore
    arg [-lgcc_s] ==> lib [gcc_s]
    arg [--no-as-needed] ==> ignore
    arg [/usr/lib/gcc/x86_64-linux-gnu/5/crtend.o] ==> ignore
    arg [/usr/lib/gcc/x86_64-linux-gnu/5/../../../x86_64-linux-gnu/crtn.o] ==> ignore
  remove lib [gcc]
  remove lib [gcc_s]
  remove lib [gcc]
  remove lib [gcc_s]
  collapse library dir [/usr/lib/gcc/x86_64-linux-gnu/5] ==> [/usr/lib/gcc/x86_64-linux-gnu/5]
  collapse library dir [/usr/lib/gcc/x86_64-linux-gnu/5/../../../x86_64-linux-gnu] ==> [/usr/lib/x86_64-linux-gnu]
  collapse library dir [/usr/lib/gcc/x86_64-linux-gnu/5/../../../../lib] ==> [/usr/lib]
  collapse library dir [/lib/x86_64-linux-gnu] ==> [/lib/x86_64-linux-gnu]
  collapse library dir [/lib/../lib] ==> [/lib]
  collapse library dir [/usr/lib/x86_64-linux-gnu] ==> [/usr/lib/x86_64-linux-gnu]
  collapse library dir [/usr/lib/../lib] ==> [/usr/lib]
  collapse library dir [/usr/lib/gcc/x86_64-linux-gnu/5/../../..] ==> [/usr/lib]
  implicit libs: [c]
  implicit dirs: [/usr/lib/gcc/x86_64-linux-gnu/5;/usr/lib/x86_64-linux-gnu;/usr/lib;/lib/x86_64-linux-gnu;/lib]
  implicit fwks: []




Detecting C [-std=c11] compiler features compiled with the following output:
Change Dir: /home/buddhika/Desktop/featureExtract/kdd99_feature_extractor/build-files/CMakeFiles/CMakeTmp

Run Build Command:"/usr/bin/make" "cmTC_5c606/fast"
/usr/bin/make -f CMakeFiles/cmTC_5c606.dir/build.make CMakeFiles/cmTC_5c606.dir/build
make[1]: Entering directory '/home/buddhika/Desktop/featureExtract/kdd99_feature_extractor/build-files/CMakeFiles/CMakeTmp'
Building C object CMakeFiles/cmTC_5c606.dir/feature_tests.c.o
/usr/bin/cc    -std=c11 -o CMakeFiles/cmTC_5c606.dir/feature_tests.c.o   -c /home/buddhika/Desktop/featureExtract/kdd99_feature_extractor/build-files/CMakeFiles/feature_tests.c
Linking C executable cmTC_5c606
/usr/bin/cmake -E cmake_link_script CMakeFiles/cmTC_5c606.dir/link.txt --verbose=1
/usr/bin/cc       CMakeFiles/cmTC_5c606.dir/feature_tests.c.o  -o cmTC_5c606 -rdynamic 
make[1]: Leaving directory '/home/buddhika/Desktop/featureExtract/kdd99_feature_extractor/build-files/CMakeFiles/CMakeTmp'


    Feature record: C_FEATURE:1c_function_prototypes
    Feature record: C_FEATURE:1c_restrict
    Feature record: C_FEATURE:1c_static_assert
    Feature record: C_FEATURE:1c_variadic_macros


Detecting C [-std=c99] compiler features compiled with the following output:
Change Dir: /home/buddhika/Desktop/featureExtract/kdd99_feature_extractor/build-files/CMakeFiles/CMakeTmp

Run Build Command:"/usr/bin/make" "cmTC_2a019/fast"
/usr/bin/make -f CMakeFiles/cmTC_2a019.dir/build.make CMakeFiles/cmTC_2a019.dir/build
make[1]: Entering directory '/home/buddhika/Desktop/featureExtract/kdd99_feature_extractor/build-files/CMakeFiles/CMakeTmp'
Building C object CMakeFiles/cmTC_2a019.dir/feature_tests.c.o
/usr/bin/cc    -std=c99 -o CMakeFiles/cmTC_2a019.dir/feature_tests.c.o   -c /home/buddhika/Desktop/featureExtract/kdd99_feature_extractor/build-files/CMakeFiles/feature_tests.c
Linking C executable cmTC_2a019
/usr/bin/cmake -E cmake_link_script CMakeFiles/cmTC_2a019.dir/link.txt --verbose=1
/usr/bin/cc       CMakeFiles/cmTC_2a019.dir/feature_tests.c.o  -o cmTC_2a019 -rdynamic 
make[1]: Leaving directory '/home/buddhika/Desktop/featureExtract/kdd99_feature_extractor/build-files/CMakeFiles/CMakeTmp'


    Feature record: C_FEATURE:1c_function_prototypes
    Feature record: C_FEATURE:1c_restrict
    Feature record: C_FEATURE:0c_static_assert
    Feature record: C_FEATURE:1c_variadic_macros


Detecting C [-std=c90] compiler features compiled with the following output:
Change Dir: /home/buddhika/Desktop/featureExtract/kdd99_feature_extractor/build-files/CMakeFiles/CMakeTmp

Run Build Command:"/usr/bin/make" "cmTC_190aa/fast"
/usr/bin/make -f CMakeFiles/cmTC_190aa.dir/build.make CMakeFiles/cmTC_190aa.dir/build
make[1]: Entering directory '/home/buddhika/Desktop/featureExtract/kdd99_feature_extractor/build-files/CMakeFiles/CMakeTmp'
Building C object CMakeFiles/cmTC_190aa.dir/feature_tests.c.o
/usr/bin/cc    -std=c90 -o CMakeFiles/cmTC_190aa.dir/feature_tests.c.o   -c /home/buddhika/Desktop/featureExtract/kdd99_feature_extractor/build-files/CMakeFiles/feature_tests.c
Linking C executable cmTC_190aa
/usr/bin/cmake -E cmake_link_script CMakeFiles/cmTC_190aa.dir/link.txt --verbose=1
/usr/bin/cc       CMakeFiles/cmTC_190aa.dir/feature_tests.c.o  -o cmTC_190aa -rdynamic 
make[1]: Leaving directory '/home/buddhika/Desktop/featureExtract/kdd99_feature_extractor/build-files/CMakeFiles/CMakeTmp'


    Feature record: C_FEATURE:1c_function_prototypes
    Feature record: C_FEATURE:0c_restrict
    Feature record: C_FEATURE:0c_static_assert
    Feature record: C_FEATURE:0c_variadic_macros
Determining if the function pcap_open_dead exists passed with the following output:
Change Dir: /home/buddhika/Desktop/featureExtract/kdd99_feature_extractor/build-files/CMakeFiles/CMakeTmp

Run Build Command:"/usr/bin/make" "cmTC_737c7/fast"
/usr/bin/make -f CMakeFiles/cmTC_737c7.dir/build.make CMakeFiles/cmTC_737c7.dir/build
make[1]: Entering directory '/home/buddhika/Desktop/featureExtract/kdd99_feature_extractor/build-files/CMakeFiles/CMakeTmp'
Building C object CMakeFiles/cmTC_737c7.dir/CheckFunctionExists.c.o
/usr/bin/cc    -DCHECK_FUNCTION_EXISTS=pcap_open_dead   -o CMakeFiles/cmTC_737c7.dir/CheckFunctionExists.c.o   -c /usr/share/cmake-3.5/Modules/CheckFunctionExists.c
Linking C executable cmTC_737c7
/usr/bin/cmake -E cmake_link_script CMakeFiles/cmTC_737c7.dir/link.txt --verbose=1
/usr/bin/cc   -DCHECK_FUNCTION_EXISTS=pcap_open_dead    CMakeFiles/cmTC_737c7.dir/CheckFunctionExists.c.o  -o cmTC_737c7 -rdynamic /usr/lib/x86_64-linux-gnu/libpcap.so 
make[1]: Leaving directory '/home/buddhika/Desktop/featureExtract/kdd99_feature_extractor/build-files/CMakeFiles/CMakeTmp'


Determining if the function pcap_freecode exists passed with the following output:
Change Dir: /home/buddhika/Desktop/featureExtract/kdd99_feature_extractor/build-files/CMakeFiles/CMakeTmp

Run Build Command:"/usr/bin/make" "cmTC_ee7dc/fast"
/usr/bin/make -f CMakeFiles/cmTC_ee7dc.dir/build.make CMakeFiles/cmTC_ee7dc.dir/build
make[1]: Entering directory '/home/buddhika/Desktop/featureExtract/kdd99_feature_extractor/build-files/CMakeFiles/CMakeTmp'
Building C object CMakeFiles/cmTC_ee7dc.dir/CheckFunctionExists.c.o
/usr/bin/cc    -DCHECK_FUNCTION_EXISTS=pcap_freecode   -o CMakeFiles/cmTC_ee7dc.dir/CheckFunctionExists.c.o   -c /usr/share/cmake-3.5/Modules/CheckFunctionExists.c
Linking C executable cmTC_ee7dc
/usr/bin/cmake -E cmake_link_script CMakeFiles/cmTC_ee7dc.dir/link.txt --verbose=1
/usr/bin/cc   -DCHECK_FUNCTION_EXISTS=pcap_freecode    CMakeFiles/cmTC_ee7dc.dir/CheckFunctionExists.c.o  -o cmTC_ee7dc -rdynamic /usr/lib/x86_64-linux-gnu/libpcap.so 
make[1]: Leaving directory '/home/buddhika/Desktop/featureExtract/kdd99_feature_extractor/build-files/CMakeFiles/CMakeTmp'


Determining if the function pcap_breakloop exists passed with the following output:
Change Dir: /home/buddhika/Desktop/featureExtract/kdd99_feature_extractor/build-files/CMakeFiles/CMakeTmp

Run Build Command:"/usr/bin/make" "cmTC_279f5/fast"
/usr/bin/make -f CMakeFiles/cmTC_279f5.dir/build.make CMakeFiles/cmTC_279f5.dir/build
make[1]: Entering directory '/home/buddhika/Desktop/featureExtract/kdd99_feature_extractor/build-files/CMakeFiles/CMakeTmp'
Building C object CMakeFiles/cmTC_279f5.dir/CheckFunctionExists.c.o
/usr/bin/cc    -DCHECK_FUNCTION_EXISTS=pcap_breakloop   -o CMakeFiles/cmTC_279f5.dir/CheckFunctionExists.c.o   -c /usr/share/cmake-3.5/Modules/CheckFunctionExists.c
Linking C executable cmTC_279f5
/usr/bin/cmake -E cmake_link_script CMakeFiles/cmTC_279f5.dir/link.txt --verbose=1
/usr/bin/cc   -DCHECK_FUNCTION_EXISTS=pcap_breakloop    CMakeFiles/cmTC_279f5.dir/CheckFunctionExists.c.o  -o cmTC_279f5 -rdynamic /usr/lib/x86_64-linux-gnu/libpcap.so 
make[1]: Leaving directory '/home/buddhika/Desktop/featureExtract/kdd99_feature_extractor/build-files/CMakeFiles/CMakeTmp'


Determining if the function pcap_create exists passed with the following output:
Change Dir: /home/buddhika/Desktop/featureExtract/kdd99_feature_extractor/build-files/CMakeFiles/CMakeTmp

Run Build Command:"/usr/bin/make" "cmTC_ed189/fast"
/usr/bin/make -f CMakeFiles/cmTC_ed189.dir/build.make CMakeFiles/cmTC_ed189.dir/build
make[1]: Entering directory '/home/buddhika/Desktop/featureExtract/kdd99_feature_extractor/build-files/CMakeFiles/CMakeTmp'
Building C object CMakeFiles/cmTC_ed189.dir/CheckFunctionExists.c.o
/usr/bin/cc    -DCHECK_FUNCTION_EXISTS=pcap_create   -o CMakeFiles/cmTC_ed189.dir/CheckFunctionExists.c.o   -c /usr/share/cmake-3.5/Modules/CheckFunctionExists.c
Linking C executable cmTC_ed189
/usr/bin/cmake -E cmake_link_script CMakeFiles/cmTC_ed189.dir/link.txt --verbose=1
/usr/bin/cc   -DCHECK_FUNCTION_EXISTS=pcap_create    CMakeFiles/cmTC_ed189.dir/CheckFunctionExists.c.o  -o cmTC_ed189 -rdynamic /usr/lib/x86_64-linux-gnu/libpcap.so 
make[1]: Leaving directory '/home/buddhika/Desktop/featureExtract/kdd99_feature_extractor/build-files/CMakeFiles/CMakeTmp'


Determining if the function pcap_datalink_name_to_val exists passed with the following output:
Change Dir: /home/buddhika/Desktop/featureExtract/kdd99_feature_extractor/build-files/CMakeFiles/CMakeTmp

Run Build Command:"/usr/bin/make" "cmTC_04182/fast"
/usr/bin/make -f CMakeFiles/cmTC_04182.dir/build.make CMakeFiles/cmTC_04182.dir/build
make[1]: Entering directory '/home/buddhika/Desktop/featureExtract/kdd99_feature_extractor/build-files/CMakeFiles/CMakeTmp'
Building C object CMakeFiles/cmTC_04182.dir/CheckFunctionExists.c.o
/usr/bin/cc    -DCHECK_FUNCTION_EXISTS=pcap_datalink_name_to_val   -o CMakeFiles/cmTC_04182.dir/CheckFunctionExists.c.o   -c /usr/share/cmake-3.5/Modules/CheckFunctionExists.c
Linking C executable cmTC_04182
/usr/bin/cmake -E cmake_link_script CMakeFiles/cmTC_04182.dir/link.txt --verbose=1
/usr/bin/cc   -DCHECK_FUNCTION_EXISTS=pcap_datalink_name_to_val    CMakeFiles/cmTC_04182.dir/CheckFunctionExists.c.o  -o cmTC_04182 -rdynamic /usr/lib/x86_64-linux-gnu/libpcap.so 
make[1]: Leaving directory '/home/buddhika/Desktop/featureExtract/kdd99_feature_extractor/build-files/CMakeFiles/CMakeTmp'


Determining if the function pcap_datalink_val_to_description exists passed with the following output:
Change Dir: /home/buddhika/Desktop/featureExtract/kdd99_feature_extractor/build-files/CMakeFiles/CMakeTmp

Run Build Command:"/usr/bin/make" "cmTC_211e5/fast"
/usr/bin/make -f CMakeFiles/cmTC_211e5.dir/build.make CMakeFiles/cmTC_211e5.dir/build
make[1]: Entering directory '/home/buddhika/Desktop/featureExtract/kdd99_feature_extractor/build-files/CMakeFiles/CMakeTmp'
Building C object CMakeFiles/cmTC_211e5.dir/CheckFunctionExists.c.o
/usr/bin/cc    -DCHECK_FUNCTION_EXISTS=pcap_datalink_val_to_description   -o CMakeFiles/cmTC_211e5.dir/CheckFunctionExists.c.o   -c /usr/share/cmake-3.5/Modules/CheckFunctionExists.c
Linking C executable cmTC_211e5
/usr/bin/cmake -E cmake_link_script CMakeFiles/cmTC_211e5.dir/link.txt --verbose=1
/usr/bin/cc   -DCHECK_FUNCTION_EXISTS=pcap_datalink_val_to_description    CMakeFiles/cmTC_211e5.dir/CheckFunctionExists.c.o  -o cmTC_211e5 -rdynamic /usr/lib/x86_64-linux-gnu/libpcap.so 
make[1]: Leaving directory '/home/buddhika/Desktop/featureExtract/kdd99_feature_extractor/build-files/CMakeFiles/CMakeTmp'


Determining if the function pcap_datalink_val_to_name exists passed with the following output:
Change Dir: /home/buddhika/Desktop/featureExtract/kdd99_feature_extractor/build-files/CMakeFiles/CMakeTmp

Run Build Command:"/usr/bin/make" "cmTC_b8cf3/fast"
/usr/bin/make -f CMakeFiles/cmTC_b8cf3.dir/build.make CMakeFiles/cmTC_b8cf3.dir/build
make[1]: Entering directory '/home/buddhika/Desktop/featureExtract/kdd99_feature_extractor/build-files/CMakeFiles/CMakeTmp'
Building C object CMakeFiles/cmTC_b8cf3.dir/CheckFunctionExists.c.o
/usr/bin/cc    -DCHECK_FUNCTION_EXISTS=pcap_datalink_val_to_name   -o CMakeFiles/cmTC_b8cf3.dir/CheckFunctionExists.c.o   -c /usr/share/cmake-3.5/Modules/CheckFunctionExists.c
Linking C executable cmTC_b8cf3
/usr/bin/cmake -E cmake_link_script CMakeFiles/cmTC_b8cf3.dir/link.txt --verbose=1
/usr/bin/cc   -DCHECK_FUNCTION_EXISTS=pcap_datalink_val_to_name    CMakeFiles/cmTC_b8cf3.dir/CheckFunctionExists.c.o  -o cmTC_b8cf3 -rdynamic /usr/lib/x86_64-linux-gnu/libpcap.so 
make[1]: Leaving directory '/home/buddhika/Desktop/featureExtract/kdd99_feature_extractor/build-files/CMakeFiles/CMakeTmp'


Determining if the function pcap_findalldevs exists passed with the following output:
Change Dir: /home/buddhika/Desktop/featureExtract/kdd99_feature_extractor/build-files/CMakeFiles/CMakeTmp

Run Build Command:"/usr/bin/make" "cmTC_e40d8/fast"
/usr/bin/make -f CMakeFiles/cmTC_e40d8.dir/build.make CMakeFiles/cmTC_e40d8.dir/build
make[1]: Entering directory '/home/buddhika/Desktop/featureExtract/kdd99_feature_extractor/build-files/CMakeFiles/CMakeTmp'
Building C object CMakeFiles/cmTC_e40d8.dir/CheckFunctionExists.c.o
/usr/bin/cc    -DCHECK_FUNCTION_EXISTS=pcap_findalldevs   -o CMakeFiles/cmTC_e40d8.dir/CheckFunctionExists.c.o   -c /usr/share/cmake-3.5/Modules/CheckFunctionExists.c
Linking C executable cmTC_e40d8
/usr/bin/cmake -E cmake_link_script CMakeFiles/cmTC_e40d8.dir/link.txt --verbose=1
/usr/bin/cc   -DCHECK_FUNCTION_EXISTS=pcap_findalldevs    CMakeFiles/cmTC_e40d8.dir/CheckFunctionExists.c.o  -o cmTC_e40d8 -rdynamic /usr/lib/x86_64-linux-gnu/libpcap.so 
make[1]: Leaving directory '/home/buddhika/Desktop/featureExtract/kdd99_feature_extractor/build-files/CMakeFiles/CMakeTmp'


Determining if the function pcap_free_datalinks exists passed with the following output:
Change Dir: /home/buddhika/Desktop/featureExtract/kdd99_feature_extractor/build-files/CMakeFiles/CMakeTmp

Run Build Command:"/usr/bin/make" "cmTC_3018e/fast"
/usr/bin/make -f CMakeFiles/cmTC_3018e.dir/build.make CMakeFiles/cmTC_3018e.dir/build
make[1]: Entering directory '/home/buddhika/Desktop/featureExtract/kdd99_feature_extractor/build-files/CMakeFiles/CMakeTmp'
Building C object CMakeFiles/cmTC_3018e.dir/CheckFunctionExists.c.o
/usr/bin/cc    -DCHECK_FUNCTION_EXISTS=pcap_free_datalinks   -o CMakeFiles/cmTC_3018e.dir/CheckFunctionExists.c.o   -c /usr/share/cmake-3.5/Modules/CheckFunctionExists.c
Linking C executable cmTC_3018e
/usr/bin/cmake -E cmake_link_script CMakeFiles/cmTC_3018e.dir/link.txt --verbose=1
/usr/bin/cc   -DCHECK_FUNCTION_EXISTS=pcap_free_datalinks    CMakeFiles/cmTC_3018e.dir/CheckFunctionExists.c.o  -o cmTC_3018e -rdynamic /usr/lib/x86_64-linux-gnu/libpcap.so 
make[1]: Leaving directory '/home/buddhika/Desktop/featureExtract/kdd99_feature_extractor/build-files/CMakeFiles/CMakeTmp'


Determining if the function pcap_get_selectable_fd exists passed with the following output:
Change Dir: /home/buddhika/Desktop/featureExtract/kdd99_feature_extractor/build-files/CMakeFiles/CMakeTmp

Run Build Command:"/usr/bin/make" "cmTC_9a631/fast"
/usr/bin/make -f CMakeFiles/cmTC_9a631.dir/build.make CMakeFiles/cmTC_9a631.dir/build
make[1]: Entering directory '/home/buddhika/Desktop/featureExtract/kdd99_feature_extractor/build-files/CMakeFiles/CMakeTmp'
Building C object CMakeFiles/cmTC_9a631.dir/CheckFunctionExists.c.o
/usr/bin/cc    -DCHECK_FUNCTION_EXISTS=pcap_get_selectable_fd   -o CMakeFiles/cmTC_9a631.dir/CheckFunctionExists.c.o   -c /usr/share/cmake-3.5/Modules/CheckFunctionExists.c
Linking C executable cmTC_9a631
/usr/bin/cmake -E cmake_link_script CMakeFiles/cmTC_9a631.dir/link.txt --verbose=1
/usr/bin/cc   -DCHECK_FUNCTION_EXISTS=pcap_get_selectable_fd    CMakeFiles/cmTC_9a631.dir/CheckFunctionExists.c.o  -o cmTC_9a631 -rdynamic /usr/lib/x86_64-linux-gnu/libpcap.so 
make[1]: Leaving directory '/home/buddhika/Desktop/featureExtract/kdd99_feature_extractor/build-files/CMakeFiles/CMakeTmp'


Determining if the function pcap_lib_version exists passed with the following output:
Change Dir: /home/buddhika/Desktop/featureExtract/kdd99_feature_extractor/build-files/CMakeFiles/CMakeTmp

Run Build Command:"/usr/bin/make" "cmTC_4c01d/fast"
/usr/bin/make -f CMakeFiles/cmTC_4c01d.dir/build.make CMakeFiles/cmTC_4c01d.dir/build
make[1]: Entering directory '/home/buddhika/Desktop/featureExtract/kdd99_feature_extractor/build-files/CMakeFiles/CMakeTmp'
Building C object CMakeFiles/cmTC_4c01d.dir/CheckFunctionExists.c.o
/usr/bin/cc    -DCHECK_FUNCTION_EXISTS=pcap_lib_version   -o CMakeFiles/cmTC_4c01d.dir/CheckFunctionExists.c.o   -c /usr/share/cmake-3.5/Modules/CheckFunctionExists.c
Linking C executable cmTC_4c01d
/usr/bin/cmake -E cmake_link_script CMakeFiles/cmTC_4c01d.dir/link.txt --verbose=1
/usr/bin/cc   -DCHECK_FUNCTION_EXISTS=pcap_lib_version    CMakeFiles/cmTC_4c01d.dir/CheckFunctionExists.c.o  -o cmTC_4c01d -rdynamic /usr/lib/x86_64-linux-gnu/libpcap.so 
make[1]: Leaving directory '/home/buddhika/Desktop/featureExtract/kdd99_feature_extractor/build-files/CMakeFiles/CMakeTmp'


Determining if the function pcap_list_datalinks exists passed with the following output:
Change Dir: /home/buddhika/Desktop/featureExtract/kdd99_feature_extractor/build-files/CMakeFiles/CMakeTmp

Run Build Command:"/usr/bin/make" "cmTC_6f5e4/fast"
/usr/bin/make -f CMakeFiles/cmTC_6f5e4.dir/build.make CMakeFiles/cmTC_6f5e4.dir/build
make[1]: Entering directory '/home/buddhika/Desktop/featureExtract/kdd99_feature_extractor/build-files/CMakeFiles/CMakeTmp'
Building C object CMakeFiles/cmTC_6f5e4.dir/CheckFunctionExists.c.o
/usr/bin/cc    -DCHECK_FUNCTION_EXISTS=pcap_list_datalinks   -o CMakeFiles/cmTC_6f5e4.dir/CheckFunctionExists.c.o   -c /usr/share/cmake-3.5/Modules/CheckFunctionExists.c
Linking C executable cmTC_6f5e4
/usr/bin/cmake -E cmake_link_script CMakeFiles/cmTC_6f5e4.dir/link.txt --verbose=1
/usr/bin/cc   -DCHECK_FUNCTION_EXISTS=pcap_list_datalinks    CMakeFiles/cmTC_6f5e4.dir/CheckFunctionExists.c.o  -o cmTC_6f5e4 -rdynamic /usr/lib/x86_64-linux-gnu/libpcap.so 
make[1]: Leaving directory '/home/buddhika/Desktop/featureExtract/kdd99_feature_extractor/build-files/CMakeFiles/CMakeTmp'


Determining if the function pcap_set_datalink exists passed with the following output:
Change Dir: /home/buddhika/Desktop/featureExtract/kdd99_feature_extractor/build-files/CMakeFiles/CMakeTmp

Run Build Command:"/usr/bin/make" "cmTC_7ecac/fast"
/usr/bin/make -f CMakeFiles/cmTC_7ecac.dir/build.make CMakeFiles/cmTC_7ecac.dir/build
make[1]: Entering directory '/home/buddhika/Desktop/featureExtract/kdd99_feature_extractor/build-files/CMakeFiles/CMakeTmp'
Building C object CMakeFiles/cmTC_7ecac.dir/CheckFunctionExists.c.o
/usr/bin/cc    -DCHECK_FUNCTION_EXISTS=pcap_set_datalink   -o CMakeFiles/cmTC_7ecac.dir/CheckFunctionExists.c.o   -c /usr/share/cmake-3.5/Modules/CheckFunctionExists.c
Linking C executable cmTC_7ecac
/usr/bin/cmake -E cmake_link_script CMakeFiles/cmTC_7ecac.dir/link.txt --verbose=1
/usr/bin/cc   -DCHECK_FUNCTION_EXISTS=pcap_set_datalink    CMakeFiles/cmTC_7ecac.dir/CheckFunctionExists.c.o  -o cmTC_7ecac -rdynamic /usr/lib/x86_64-linux-gnu/libpcap.so 
make[1]: Leaving directory '/home/buddhika/Desktop/featureExtract/kdd99_feature_extractor/build-files/CMakeFiles/CMakeTmp'


Determining if the function bpf_image exists passed with the following output:
Change Dir: /home/buddhika/Desktop/featureExtract/kdd99_feature_extractor/build-files/CMakeFiles/CMakeTmp

Run Build Command:"/usr/bin/make" "cmTC_3fffa/fast"
/usr/bin/make -f CMakeFiles/cmTC_3fffa.dir/build.make CMakeFiles/cmTC_3fffa.dir/build
make[1]: Entering directory '/home/buddhika/Desktop/featureExtract/kdd99_feature_extractor/build-files/CMakeFiles/CMakeTmp'
Building C object CMakeFiles/cmTC_3fffa.dir/CheckFunctionExists.c.o
/usr/bin/cc    -DCHECK_FUNCTION_EXISTS=bpf_image   -o CMakeFiles/cmTC_3fffa.dir/CheckFunctionExists.c.o   -c /usr/share/cmake-3.5/Modules/CheckFunctionExists.c
Linking C executable cmTC_3fffa
/usr/bin/cmake -E cmake_link_script CMakeFiles/cmTC_3fffa.dir/link.txt --verbose=1
/usr/bin/cc   -DCHECK_FUNCTION_EXISTS=bpf_image    CMakeFiles/cmTC_3fffa.dir/CheckFunctionExists.c.o  -o cmTC_3fffa -rdynamic /usr/lib/x86_64-linux-gnu/libpcap.so 
make[1]: Leaving directory '/home/buddhika/Desktop/featureExtract/kdd99_feature_extractor/build-files/CMakeFiles/CMakeTmp'


Determining if the function pcap_set_tstamp_precision exists passed with the following output:
Change Dir: /home/buddhika/Desktop/featureExtract/kdd99_feature_extractor/build-files/CMakeFiles/CMakeTmp

Run Build Command:"/usr/bin/make" "cmTC_d1fcf/fast"
/usr/bin/make -f CMakeFiles/cmTC_d1fcf.dir/build.make CMakeFiles/cmTC_d1fcf.dir/build
make[1]: Entering directory '/home/buddhika/Desktop/featureExtract/kdd99_feature_extractor/build-files/CMakeFiles/CMakeTmp'
Building C object CMakeFiles/cmTC_d1fcf.dir/CheckFunctionExists.c.o
/usr/bin/cc    -DCHECK_FUNCTION_EXISTS=pcap_set_tstamp_precision   -o CMakeFiles/cmTC_d1fcf.dir/CheckFunctionExists.c.o   -c /usr/share/cmake-3.5/Modules/CheckFunctionExists.c
Linking C executable cmTC_d1fcf
/usr/bin/cmake -E cmake_link_script CMakeFiles/cmTC_d1fcf.dir/link.txt --verbose=1
/usr/bin/cc   -DCHECK_FUNCTION_EXISTS=pcap_set_tstamp_precision    CMakeFiles/cmTC_d1fcf.dir/CheckFunctionExists.c.o  -o cmTC_d1fcf -rdynamic /usr/lib/x86_64-linux-gnu/libpcap.so 
make[1]: Leaving directory '/home/buddhika/Desktop/featureExtract/kdd99_feature_extractor/build-files/CMakeFiles/CMakeTmp'


