Determining if the function pcap_open_dead exists failed with the following output:
Change Dir: /home/buddhika/Desktop/featureExtract/featureExtractor/CMakeFiles/CMakeTmp

Run Build Command:"/usr/bin/make" "cmTC_220f1/fast"
/usr/bin/make -f CMakeFiles/cmTC_220f1.dir/build.make CMakeFiles/cmTC_220f1.dir/build
make[1]: Entering directory '/home/buddhika/Desktop/featureExtract/featureExtractor/CMakeFiles/CMakeTmp'
Building C object CMakeFiles/cmTC_220f1.dir/CheckFunctionExists.c.o
/usr/bin/cc    -DCHECK_FUNCTION_EXISTS=pcap_open_dead   -o CMakeFiles/cmTC_220f1.dir/CheckFunctionExists.c.o   -c /usr/share/cmake-3.5/Modules/CheckFunctionExists.c
Linking C executable cmTC_220f1
/usr/bin/cmake -E cmake_link_script CMakeFiles/cmTC_220f1.dir/link.txt --verbose=1
/usr/bin/cc   -DCHECK_FUNCTION_EXISTS=pcap_open_dead    CMakeFiles/cmTC_220f1.dir/CheckFunctionExists.c.o  -o cmTC_220f1 -rdynamic 
CMakeFiles/cmTC_220f1.dir/CheckFunctionExists.c.o: In function `main':
CheckFunctionExists.c:(.text+0x15): undefined reference to `pcap_open_dead'
collect2: error: ld returned 1 exit status
CMakeFiles/cmTC_220f1.dir/build.make:97: recipe for target 'cmTC_220f1' failed
make[1]: *** [cmTC_220f1] Error 1
make[1]: Leaving directory '/home/buddhika/Desktop/featureExtract/featureExtractor/CMakeFiles/CMakeTmp'
Makefile:126: recipe for target 'cmTC_220f1/fast' failed
make: *** [cmTC_220f1/fast] Error 2


Determining if the function pcap_freecode exists failed with the following output:
Change Dir: /home/buddhika/Desktop/featureExtract/featureExtractor/CMakeFiles/CMakeTmp

Run Build Command:"/usr/bin/make" "cmTC_08e13/fast"
/usr/bin/make -f CMakeFiles/cmTC_08e13.dir/build.make CMakeFiles/cmTC_08e13.dir/build
make[1]: Entering directory '/home/buddhika/Desktop/featureExtract/featureExtractor/CMakeFiles/CMakeTmp'
Building C object CMakeFiles/cmTC_08e13.dir/CheckFunctionExists.c.o
/usr/bin/cc    -DCHECK_FUNCTION_EXISTS=pcap_freecode   -o CMakeFiles/cmTC_08e13.dir/CheckFunctionExists.c.o   -c /usr/share/cmake-3.5/Modules/CheckFunctionExists.c
Linking C executable cmTC_08e13
/usr/bin/cmake -E cmake_link_script CMakeFiles/cmTC_08e13.dir/link.txt --verbose=1
/usr/bin/cc   -DCHECK_FUNCTION_EXISTS=pcap_freecode    CMakeFiles/cmTC_08e13.dir/CheckFunctionExists.c.o  -o cmTC_08e13 -rdynamic 
CMakeFiles/cmTC_08e13.dir/CheckFunctionExists.c.o: In function `main':
CheckFunctionExists.c:(.text+0x15): undefined reference to `pcap_freecode'
collect2: error: ld returned 1 exit status
CMakeFiles/cmTC_08e13.dir/build.make:97: recipe for target 'cmTC_08e13' failed
make[1]: *** [cmTC_08e13] Error 1
make[1]: Leaving directory '/home/buddhika/Desktop/featureExtract/featureExtractor/CMakeFiles/CMakeTmp'
Makefile:126: recipe for target 'cmTC_08e13/fast' failed
make: *** [cmTC_08e13/fast] Error 2


Determining if the function pcap_breakloop exists failed with the following output:
Change Dir: /home/buddhika/Desktop/featureExtract/featureExtractor/CMakeFiles/CMakeTmp

Run Build Command:"/usr/bin/make" "cmTC_68e53/fast"
/usr/bin/make -f CMakeFiles/cmTC_68e53.dir/build.make CMakeFiles/cmTC_68e53.dir/build
make[1]: Entering directory '/home/buddhika/Desktop/featureExtract/featureExtractor/CMakeFiles/CMakeTmp'
Building C object CMakeFiles/cmTC_68e53.dir/CheckFunctionExists.c.o
/usr/bin/cc    -DCHECK_FUNCTION_EXISTS=pcap_breakloop   -o CMakeFiles/cmTC_68e53.dir/CheckFunctionExists.c.o   -c /usr/share/cmake-3.5/Modules/CheckFunctionExists.c
Linking C executable cmTC_68e53
/usr/bin/cmake -E cmake_link_script CMakeFiles/cmTC_68e53.dir/link.txt --verbose=1
/usr/bin/cc   -DCHECK_FUNCTION_EXISTS=pcap_breakloop    CMakeFiles/cmTC_68e53.dir/CheckFunctionExists.c.o  -o cmTC_68e53 -rdynamic 
CMakeFiles/cmTC_68e53.dir/CheckFunctionExists.c.o: In function `main':
CheckFunctionExists.c:(.text+0x15): undefined reference to `pcap_breakloop'
collect2: error: ld returned 1 exit status
CMakeFiles/cmTC_68e53.dir/build.make:97: recipe for target 'cmTC_68e53' failed
make[1]: *** [cmTC_68e53] Error 1
make[1]: Leaving directory '/home/buddhika/Desktop/featureExtract/featureExtractor/CMakeFiles/CMakeTmp'
Makefile:126: recipe for target 'cmTC_68e53/fast' failed
make: *** [cmTC_68e53/fast] Error 2


Determining if the function pcap_create exists failed with the following output:
Change Dir: /home/buddhika/Desktop/featureExtract/featureExtractor/CMakeFiles/CMakeTmp

Run Build Command:"/usr/bin/make" "cmTC_3c3b4/fast"
/usr/bin/make -f CMakeFiles/cmTC_3c3b4.dir/build.make CMakeFiles/cmTC_3c3b4.dir/build
make[1]: Entering directory '/home/buddhika/Desktop/featureExtract/featureExtractor/CMakeFiles/CMakeTmp'
Building C object CMakeFiles/cmTC_3c3b4.dir/CheckFunctionExists.c.o
/usr/bin/cc    -DCHECK_FUNCTION_EXISTS=pcap_create   -o CMakeFiles/cmTC_3c3b4.dir/CheckFunctionExists.c.o   -c /usr/share/cmake-3.5/Modules/CheckFunctionExists.c
Linking C executable cmTC_3c3b4
/usr/bin/cmake -E cmake_link_script CMakeFiles/cmTC_3c3b4.dir/link.txt --verbose=1
/usr/bin/cc   -DCHECK_FUNCTION_EXISTS=pcap_create    CMakeFiles/cmTC_3c3b4.dir/CheckFunctionExists.c.o  -o cmTC_3c3b4 -rdynamic 
CMakeFiles/cmTC_3c3b4.dir/CheckFunctionExists.c.o: In function `main':
CheckFunctionExists.c:(.text+0x15): undefined reference to `pcap_create'
collect2: error: ld returned 1 exit status
CMakeFiles/cmTC_3c3b4.dir/build.make:97: recipe for target 'cmTC_3c3b4' failed
make[1]: *** [cmTC_3c3b4] Error 1
make[1]: Leaving directory '/home/buddhika/Desktop/featureExtract/featureExtractor/CMakeFiles/CMakeTmp'
Makefile:126: recipe for target 'cmTC_3c3b4/fast' failed
make: *** [cmTC_3c3b4/fast] Error 2


Determining if the function pcap_datalink_name_to_val exists failed with the following output:
Change Dir: /home/buddhika/Desktop/featureExtract/featureExtractor/CMakeFiles/CMakeTmp

Run Build Command:"/usr/bin/make" "cmTC_8a112/fast"
/usr/bin/make -f CMakeFiles/cmTC_8a112.dir/build.make CMakeFiles/cmTC_8a112.dir/build
make[1]: Entering directory '/home/buddhika/Desktop/featureExtract/featureExtractor/CMakeFiles/CMakeTmp'
Building C object CMakeFiles/cmTC_8a112.dir/CheckFunctionExists.c.o
/usr/bin/cc    -DCHECK_FUNCTION_EXISTS=pcap_datalink_name_to_val   -o CMakeFiles/cmTC_8a112.dir/CheckFunctionExists.c.o   -c /usr/share/cmake-3.5/Modules/CheckFunctionExists.c
Linking C executable cmTC_8a112
/usr/bin/cmake -E cmake_link_script CMakeFiles/cmTC_8a112.dir/link.txt --verbose=1
/usr/bin/cc   -DCHECK_FUNCTION_EXISTS=pcap_datalink_name_to_val    CMakeFiles/cmTC_8a112.dir/CheckFunctionExists.c.o  -o cmTC_8a112 -rdynamic 
CMakeFiles/cmTC_8a112.dir/CheckFunctionExists.c.o: In function `main':
CheckFunctionExists.c:(.text+0x15): undefined reference to `pcap_datalink_name_to_val'
collect2: error: ld returned 1 exit status
CMakeFiles/cmTC_8a112.dir/build.make:97: recipe for target 'cmTC_8a112' failed
make[1]: *** [cmTC_8a112] Error 1
make[1]: Leaving directory '/home/buddhika/Desktop/featureExtract/featureExtractor/CMakeFiles/CMakeTmp'
Makefile:126: recipe for target 'cmTC_8a112/fast' failed
make: *** [cmTC_8a112/fast] Error 2


Determining if the function pcap_datalink_val_to_description exists failed with the following output:
Change Dir: /home/buddhika/Desktop/featureExtract/featureExtractor/CMakeFiles/CMakeTmp

Run Build Command:"/usr/bin/make" "cmTC_00c58/fast"
/usr/bin/make -f CMakeFiles/cmTC_00c58.dir/build.make CMakeFiles/cmTC_00c58.dir/build
make[1]: Entering directory '/home/buddhika/Desktop/featureExtract/featureExtractor/CMakeFiles/CMakeTmp'
Building C object CMakeFiles/cmTC_00c58.dir/CheckFunctionExists.c.o
/usr/bin/cc    -DCHECK_FUNCTION_EXISTS=pcap_datalink_val_to_description   -o CMakeFiles/cmTC_00c58.dir/CheckFunctionExists.c.o   -c /usr/share/cmake-3.5/Modules/CheckFunctionExists.c
Linking C executable cmTC_00c58
/usr/bin/cmake -E cmake_link_script CMakeFiles/cmTC_00c58.dir/link.txt --verbose=1
/usr/bin/cc   -DCHECK_FUNCTION_EXISTS=pcap_datalink_val_to_description    CMakeFiles/cmTC_00c58.dir/CheckFunctionExists.c.o  -o cmTC_00c58 -rdynamic 
CMakeFiles/cmTC_00c58.dir/CheckFunctionExists.c.o: In function `main':
CheckFunctionExists.c:(.text+0x15): undefined reference to `pcap_datalink_val_to_description'
collect2: error: ld returned 1 exit status
CMakeFiles/cmTC_00c58.dir/build.make:97: recipe for target 'cmTC_00c58' failed
make[1]: *** [cmTC_00c58] Error 1
make[1]: Leaving directory '/home/buddhika/Desktop/featureExtract/featureExtractor/CMakeFiles/CMakeTmp'
Makefile:126: recipe for target 'cmTC_00c58/fast' failed
make: *** [cmTC_00c58/fast] Error 2


Determining if the function pcap_datalink_val_to_name exists failed with the following output:
Change Dir: /home/buddhika/Desktop/featureExtract/featureExtractor/CMakeFiles/CMakeTmp

Run Build Command:"/usr/bin/make" "cmTC_b781b/fast"
/usr/bin/make -f CMakeFiles/cmTC_b781b.dir/build.make CMakeFiles/cmTC_b781b.dir/build
make[1]: Entering directory '/home/buddhika/Desktop/featureExtract/featureExtractor/CMakeFiles/CMakeTmp'
Building C object CMakeFiles/cmTC_b781b.dir/CheckFunctionExists.c.o
/usr/bin/cc    -DCHECK_FUNCTION_EXISTS=pcap_datalink_val_to_name   -o CMakeFiles/cmTC_b781b.dir/CheckFunctionExists.c.o   -c /usr/share/cmake-3.5/Modules/CheckFunctionExists.c
Linking C executable cmTC_b781b
/usr/bin/cmake -E cmake_link_script CMakeFiles/cmTC_b781b.dir/link.txt --verbose=1
/usr/bin/cc   -DCHECK_FUNCTION_EXISTS=pcap_datalink_val_to_name    CMakeFiles/cmTC_b781b.dir/CheckFunctionExists.c.o  -o cmTC_b781b -rdynamic 
CMakeFiles/cmTC_b781b.dir/CheckFunctionExists.c.o: In function `main':
CheckFunctionExists.c:(.text+0x15): undefined reference to `pcap_datalink_val_to_name'
collect2: error: ld returned 1 exit status
CMakeFiles/cmTC_b781b.dir/build.make:97: recipe for target 'cmTC_b781b' failed
make[1]: *** [cmTC_b781b] Error 1
make[1]: Leaving directory '/home/buddhika/Desktop/featureExtract/featureExtractor/CMakeFiles/CMakeTmp'
Makefile:126: recipe for target 'cmTC_b781b/fast' failed
make: *** [cmTC_b781b/fast] Error 2


Determining if the function pcap_findalldevs exists failed with the following output:
Change Dir: /home/buddhika/Desktop/featureExtract/featureExtractor/CMakeFiles/CMakeTmp

Run Build Command:"/usr/bin/make" "cmTC_77c51/fast"
/usr/bin/make -f CMakeFiles/cmTC_77c51.dir/build.make CMakeFiles/cmTC_77c51.dir/build
make[1]: Entering directory '/home/buddhika/Desktop/featureExtract/featureExtractor/CMakeFiles/CMakeTmp'
Building C object CMakeFiles/cmTC_77c51.dir/CheckFunctionExists.c.o
/usr/bin/cc    -DCHECK_FUNCTION_EXISTS=pcap_findalldevs   -o CMakeFiles/cmTC_77c51.dir/CheckFunctionExists.c.o   -c /usr/share/cmake-3.5/Modules/CheckFunctionExists.c
Linking C executable cmTC_77c51
/usr/bin/cmake -E cmake_link_script CMakeFiles/cmTC_77c51.dir/link.txt --verbose=1
/usr/bin/cc   -DCHECK_FUNCTION_EXISTS=pcap_findalldevs    CMakeFiles/cmTC_77c51.dir/CheckFunctionExists.c.o  -o cmTC_77c51 -rdynamic 
CMakeFiles/cmTC_77c51.dir/CheckFunctionExists.c.o: In function `main':
CheckFunctionExists.c:(.text+0x15): undefined reference to `pcap_findalldevs'
collect2: error: ld returned 1 exit status
CMakeFiles/cmTC_77c51.dir/build.make:97: recipe for target 'cmTC_77c51' failed
make[1]: *** [cmTC_77c51] Error 1
make[1]: Leaving directory '/home/buddhika/Desktop/featureExtract/featureExtractor/CMakeFiles/CMakeTmp'
Makefile:126: recipe for target 'cmTC_77c51/fast' failed
make: *** [cmTC_77c51/fast] Error 2


Determining if the function pcap_free_datalinks exists failed with the following output:
Change Dir: /home/buddhika/Desktop/featureExtract/featureExtractor/CMakeFiles/CMakeTmp

Run Build Command:"/usr/bin/make" "cmTC_09d34/fast"
/usr/bin/make -f CMakeFiles/cmTC_09d34.dir/build.make CMakeFiles/cmTC_09d34.dir/build
make[1]: Entering directory '/home/buddhika/Desktop/featureExtract/featureExtractor/CMakeFiles/CMakeTmp'
Building C object CMakeFiles/cmTC_09d34.dir/CheckFunctionExists.c.o
/usr/bin/cc    -DCHECK_FUNCTION_EXISTS=pcap_free_datalinks   -o CMakeFiles/cmTC_09d34.dir/CheckFunctionExists.c.o   -c /usr/share/cmake-3.5/Modules/CheckFunctionExists.c
Linking C executable cmTC_09d34
/usr/bin/cmake -E cmake_link_script CMakeFiles/cmTC_09d34.dir/link.txt --verbose=1
/usr/bin/cc   -DCHECK_FUNCTION_EXISTS=pcap_free_datalinks    CMakeFiles/cmTC_09d34.dir/CheckFunctionExists.c.o  -o cmTC_09d34 -rdynamic 
CMakeFiles/cmTC_09d34.dir/CheckFunctionExists.c.o: In function `main':
CheckFunctionExists.c:(.text+0x15): undefined reference to `pcap_free_datalinks'
collect2: error: ld returned 1 exit status
CMakeFiles/cmTC_09d34.dir/build.make:97: recipe for target 'cmTC_09d34' failed
make[1]: *** [cmTC_09d34] Error 1
make[1]: Leaving directory '/home/buddhika/Desktop/featureExtract/featureExtractor/CMakeFiles/CMakeTmp'
Makefile:126: recipe for target 'cmTC_09d34/fast' failed
make: *** [cmTC_09d34/fast] Error 2


Determining if the function pcap_get_selectable_fd exists failed with the following output:
Change Dir: /home/buddhika/Desktop/featureExtract/featureExtractor/CMakeFiles/CMakeTmp

Run Build Command:"/usr/bin/make" "cmTC_32858/fast"
/usr/bin/make -f CMakeFiles/cmTC_32858.dir/build.make CMakeFiles/cmTC_32858.dir/build
make[1]: Entering directory '/home/buddhika/Desktop/featureExtract/featureExtractor/CMakeFiles/CMakeTmp'
Building C object CMakeFiles/cmTC_32858.dir/CheckFunctionExists.c.o
/usr/bin/cc    -DCHECK_FUNCTION_EXISTS=pcap_get_selectable_fd   -o CMakeFiles/cmTC_32858.dir/CheckFunctionExists.c.o   -c /usr/share/cmake-3.5/Modules/CheckFunctionExists.c
Linking C executable cmTC_32858
/usr/bin/cmake -E cmake_link_script CMakeFiles/cmTC_32858.dir/link.txt --verbose=1
/usr/bin/cc   -DCHECK_FUNCTION_EXISTS=pcap_get_selectable_fd    CMakeFiles/cmTC_32858.dir/CheckFunctionExists.c.o  -o cmTC_32858 -rdynamic 
CMakeFiles/cmTC_32858.dir/CheckFunctionExists.c.o: In function `main':
CheckFunctionExists.c:(.text+0x15): undefined reference to `pcap_get_selectable_fd'
collect2: error: ld returned 1 exit status
CMakeFiles/cmTC_32858.dir/build.make:97: recipe for target 'cmTC_32858' failed
make[1]: *** [cmTC_32858] Error 1
make[1]: Leaving directory '/home/buddhika/Desktop/featureExtract/featureExtractor/CMakeFiles/CMakeTmp'
Makefile:126: recipe for target 'cmTC_32858/fast' failed
make: *** [cmTC_32858/fast] Error 2


Determining if the function pcap_lib_version exists failed with the following output:
Change Dir: /home/buddhika/Desktop/featureExtract/featureExtractor/CMakeFiles/CMakeTmp

Run Build Command:"/usr/bin/make" "cmTC_8dcdd/fast"
/usr/bin/make -f CMakeFiles/cmTC_8dcdd.dir/build.make CMakeFiles/cmTC_8dcdd.dir/build
make[1]: Entering directory '/home/buddhika/Desktop/featureExtract/featureExtractor/CMakeFiles/CMakeTmp'
Building C object CMakeFiles/cmTC_8dcdd.dir/CheckFunctionExists.c.o
/usr/bin/cc    -DCHECK_FUNCTION_EXISTS=pcap_lib_version   -o CMakeFiles/cmTC_8dcdd.dir/CheckFunctionExists.c.o   -c /usr/share/cmake-3.5/Modules/CheckFunctionExists.c
Linking C executable cmTC_8dcdd
/usr/bin/cmake -E cmake_link_script CMakeFiles/cmTC_8dcdd.dir/link.txt --verbose=1
/usr/bin/cc   -DCHECK_FUNCTION_EXISTS=pcap_lib_version    CMakeFiles/cmTC_8dcdd.dir/CheckFunctionExists.c.o  -o cmTC_8dcdd -rdynamic 
CMakeFiles/cmTC_8dcdd.dir/CheckFunctionExists.c.o: In function `main':
CheckFunctionExists.c:(.text+0x15): undefined reference to `pcap_lib_version'
collect2: error: ld returned 1 exit status
CMakeFiles/cmTC_8dcdd.dir/build.make:97: recipe for target 'cmTC_8dcdd' failed
make[1]: *** [cmTC_8dcdd] Error 1
make[1]: Leaving directory '/home/buddhika/Desktop/featureExtract/featureExtractor/CMakeFiles/CMakeTmp'
Makefile:126: recipe for target 'cmTC_8dcdd/fast' failed
make: *** [cmTC_8dcdd/fast] Error 2


Determining if the function pcap_list_datalinks exists failed with the following output:
Change Dir: /home/buddhika/Desktop/featureExtract/featureExtractor/CMakeFiles/CMakeTmp

Run Build Command:"/usr/bin/make" "cmTC_b9b8c/fast"
/usr/bin/make -f CMakeFiles/cmTC_b9b8c.dir/build.make CMakeFiles/cmTC_b9b8c.dir/build
make[1]: Entering directory '/home/buddhika/Desktop/featureExtract/featureExtractor/CMakeFiles/CMakeTmp'
Building C object CMakeFiles/cmTC_b9b8c.dir/CheckFunctionExists.c.o
/usr/bin/cc    -DCHECK_FUNCTION_EXISTS=pcap_list_datalinks   -o CMakeFiles/cmTC_b9b8c.dir/CheckFunctionExists.c.o   -c /usr/share/cmake-3.5/Modules/CheckFunctionExists.c
Linking C executable cmTC_b9b8c
/usr/bin/cmake -E cmake_link_script CMakeFiles/cmTC_b9b8c.dir/link.txt --verbose=1
/usr/bin/cc   -DCHECK_FUNCTION_EXISTS=pcap_list_datalinks    CMakeFiles/cmTC_b9b8c.dir/CheckFunctionExists.c.o  -o cmTC_b9b8c -rdynamic 
CMakeFiles/cmTC_b9b8c.dir/CheckFunctionExists.c.o: In function `main':
CheckFunctionExists.c:(.text+0x15): undefined reference to `pcap_list_datalinks'
collect2: error: ld returned 1 exit status
CMakeFiles/cmTC_b9b8c.dir/build.make:97: recipe for target 'cmTC_b9b8c' failed
make[1]: *** [cmTC_b9b8c] Error 1
make[1]: Leaving directory '/home/buddhika/Desktop/featureExtract/featureExtractor/CMakeFiles/CMakeTmp'
Makefile:126: recipe for target 'cmTC_b9b8c/fast' failed
make: *** [cmTC_b9b8c/fast] Error 2


Determining if the function pcap_set_datalink exists failed with the following output:
Change Dir: /home/buddhika/Desktop/featureExtract/featureExtractor/CMakeFiles/CMakeTmp

Run Build Command:"/usr/bin/make" "cmTC_d9887/fast"
/usr/bin/make -f CMakeFiles/cmTC_d9887.dir/build.make CMakeFiles/cmTC_d9887.dir/build
make[1]: Entering directory '/home/buddhika/Desktop/featureExtract/featureExtractor/CMakeFiles/CMakeTmp'
Building C object CMakeFiles/cmTC_d9887.dir/CheckFunctionExists.c.o
/usr/bin/cc    -DCHECK_FUNCTION_EXISTS=pcap_set_datalink   -o CMakeFiles/cmTC_d9887.dir/CheckFunctionExists.c.o   -c /usr/share/cmake-3.5/Modules/CheckFunctionExists.c
Linking C executable cmTC_d9887
/usr/bin/cmake -E cmake_link_script CMakeFiles/cmTC_d9887.dir/link.txt --verbose=1
/usr/bin/cc   -DCHECK_FUNCTION_EXISTS=pcap_set_datalink    CMakeFiles/cmTC_d9887.dir/CheckFunctionExists.c.o  -o cmTC_d9887 -rdynamic 
CMakeFiles/cmTC_d9887.dir/CheckFunctionExists.c.o: In function `main':
CheckFunctionExists.c:(.text+0x15): undefined reference to `pcap_set_datalink'
collect2: error: ld returned 1 exit status
CMakeFiles/cmTC_d9887.dir/build.make:97: recipe for target 'cmTC_d9887' failed
make[1]: *** [cmTC_d9887] Error 1
make[1]: Leaving directory '/home/buddhika/Desktop/featureExtract/featureExtractor/CMakeFiles/CMakeTmp'
Makefile:126: recipe for target 'cmTC_d9887/fast' failed
make: *** [cmTC_d9887/fast] Error 2


Determining if the function bpf_image exists failed with the following output:
Change Dir: /home/buddhika/Desktop/featureExtract/featureExtractor/CMakeFiles/CMakeTmp

Run Build Command:"/usr/bin/make" "cmTC_1e796/fast"
/usr/bin/make -f CMakeFiles/cmTC_1e796.dir/build.make CMakeFiles/cmTC_1e796.dir/build
make[1]: Entering directory '/home/buddhika/Desktop/featureExtract/featureExtractor/CMakeFiles/CMakeTmp'
Building C object CMakeFiles/cmTC_1e796.dir/CheckFunctionExists.c.o
/usr/bin/cc    -DCHECK_FUNCTION_EXISTS=bpf_image   -o CMakeFiles/cmTC_1e796.dir/CheckFunctionExists.c.o   -c /usr/share/cmake-3.5/Modules/CheckFunctionExists.c
Linking C executable cmTC_1e796
/usr/bin/cmake -E cmake_link_script CMakeFiles/cmTC_1e796.dir/link.txt --verbose=1
/usr/bin/cc   -DCHECK_FUNCTION_EXISTS=bpf_image    CMakeFiles/cmTC_1e796.dir/CheckFunctionExists.c.o  -o cmTC_1e796 -rdynamic 
CMakeFiles/cmTC_1e796.dir/CheckFunctionExists.c.o: In function `main':
CheckFunctionExists.c:(.text+0x15): undefined reference to `bpf_image'
collect2: error: ld returned 1 exit status
CMakeFiles/cmTC_1e796.dir/build.make:97: recipe for target 'cmTC_1e796' failed
make[1]: *** [cmTC_1e796] Error 1
make[1]: Leaving directory '/home/buddhika/Desktop/featureExtract/featureExtractor/CMakeFiles/CMakeTmp'
Makefile:126: recipe for target 'cmTC_1e796/fast' failed
make: *** [cmTC_1e796/fast] Error 2


Determining if the function pcap_setsampling exists failed with the following output:
Change Dir: /home/buddhika/Desktop/featureExtract/featureExtractor/CMakeFiles/CMakeTmp

Run Build Command:"/usr/bin/make" "cmTC_6e5f8/fast"
/usr/bin/make -f CMakeFiles/cmTC_6e5f8.dir/build.make CMakeFiles/cmTC_6e5f8.dir/build
make[1]: Entering directory '/home/buddhika/Desktop/featureExtract/featureExtractor/CMakeFiles/CMakeTmp'
Building C object CMakeFiles/cmTC_6e5f8.dir/CheckFunctionExists.c.o
/usr/bin/cc    -DCHECK_FUNCTION_EXISTS=pcap_setsampling   -o CMakeFiles/cmTC_6e5f8.dir/CheckFunctionExists.c.o   -c /usr/share/cmake-3.5/Modules/CheckFunctionExists.c
Linking C executable cmTC_6e5f8
/usr/bin/cmake -E cmake_link_script CMakeFiles/cmTC_6e5f8.dir/link.txt --verbose=1
/usr/bin/cc   -DCHECK_FUNCTION_EXISTS=pcap_setsampling    CMakeFiles/cmTC_6e5f8.dir/CheckFunctionExists.c.o  -o cmTC_6e5f8 -rdynamic 
CMakeFiles/cmTC_6e5f8.dir/CheckFunctionExists.c.o: In function `main':
CheckFunctionExists.c:(.text+0x15): undefined reference to `pcap_setsampling'
collect2: error: ld returned 1 exit status
CMakeFiles/cmTC_6e5f8.dir/build.make:97: recipe for target 'cmTC_6e5f8' failed
make[1]: *** [cmTC_6e5f8] Error 1
make[1]: Leaving directory '/home/buddhika/Desktop/featureExtract/featureExtractor/CMakeFiles/CMakeTmp'
Makefile:126: recipe for target 'cmTC_6e5f8/fast' failed
make: *** [cmTC_6e5f8/fast] Error 2


Determining if the function pcap_set_tstamp_precision exists failed with the following output:
Change Dir: /home/buddhika/Desktop/featureExtract/featureExtractor/CMakeFiles/CMakeTmp

Run Build Command:"/usr/bin/make" "cmTC_98e3f/fast"
/usr/bin/make -f CMakeFiles/cmTC_98e3f.dir/build.make CMakeFiles/cmTC_98e3f.dir/build
make[1]: Entering directory '/home/buddhika/Desktop/featureExtract/featureExtractor/CMakeFiles/CMakeTmp'
Building C object CMakeFiles/cmTC_98e3f.dir/CheckFunctionExists.c.o
/usr/bin/cc    -DCHECK_FUNCTION_EXISTS=pcap_set_tstamp_precision   -o CMakeFiles/cmTC_98e3f.dir/CheckFunctionExists.c.o   -c /usr/share/cmake-3.5/Modules/CheckFunctionExists.c
Linking C executable cmTC_98e3f
/usr/bin/cmake -E cmake_link_script CMakeFiles/cmTC_98e3f.dir/link.txt --verbose=1
/usr/bin/cc   -DCHECK_FUNCTION_EXISTS=pcap_set_tstamp_precision    CMakeFiles/cmTC_98e3f.dir/CheckFunctionExists.c.o  -o cmTC_98e3f -rdynamic 
CMakeFiles/cmTC_98e3f.dir/CheckFunctionExists.c.o: In function `main':
CheckFunctionExists.c:(.text+0x15): undefined reference to `pcap_set_tstamp_precision'
collect2: error: ld returned 1 exit status
CMakeFiles/cmTC_98e3f.dir/build.make:97: recipe for target 'cmTC_98e3f' failed
make[1]: *** [cmTC_98e3f] Error 1
make[1]: Leaving directory '/home/buddhika/Desktop/featureExtract/featureExtractor/CMakeFiles/CMakeTmp'
Makefile:126: recipe for target 'cmTC_98e3f/fast' failed
make: *** [cmTC_98e3f/fast] Error 2


Determining if the function pcap_open exists failed with the following output:
Change Dir: /home/buddhika/Desktop/featureExtract/featureExtractor/CMakeFiles/CMakeTmp

Run Build Command:"/usr/bin/make" "cmTC_79af0/fast"
/usr/bin/make -f CMakeFiles/cmTC_79af0.dir/build.make CMakeFiles/cmTC_79af0.dir/build
make[1]: Entering directory '/home/buddhika/Desktop/featureExtract/featureExtractor/CMakeFiles/CMakeTmp'
Building C object CMakeFiles/cmTC_79af0.dir/CheckFunctionExists.c.o
/usr/bin/cc    -DCHECK_FUNCTION_EXISTS=pcap_open   -o CMakeFiles/cmTC_79af0.dir/CheckFunctionExists.c.o   -c /usr/share/cmake-3.5/Modules/CheckFunctionExists.c
Linking C executable cmTC_79af0
/usr/bin/cmake -E cmake_link_script CMakeFiles/cmTC_79af0.dir/link.txt --verbose=1
/usr/bin/cc   -DCHECK_FUNCTION_EXISTS=pcap_open    CMakeFiles/cmTC_79af0.dir/CheckFunctionExists.c.o  -o cmTC_79af0 -rdynamic 
CMakeFiles/cmTC_79af0.dir/CheckFunctionExists.c.o: In function `main':
CheckFunctionExists.c:(.text+0x15): undefined reference to `pcap_open'
collect2: error: ld returned 1 exit status
CMakeFiles/cmTC_79af0.dir/build.make:97: recipe for target 'cmTC_79af0' failed
make[1]: *** [cmTC_79af0] Error 1
make[1]: Leaving directory '/home/buddhika/Desktop/featureExtract/featureExtractor/CMakeFiles/CMakeTmp'
Makefile:126: recipe for target 'cmTC_79af0/fast' failed
make: *** [cmTC_79af0/fast] Error 2


